2023-04-29T08:51:17.698Z error: [L57]: Error in C:\Users\jmaki\Desktop\CodeGPT\commands\chat:  Request failed with status code 400
2023-04-29T08:54:58.811Z error: uncaughtException: тип Unable to compile TypeScript:
[96mutils/openai/chatgpt.ts[0m:[93m152[0m:[93m7[0m - [91merror[0m[90m TS2304: [0mCannot find name 'logger'.

[7m152[0m       logger.error(
[7m   [0m [91m      ~~~~~~[0m

TSError: тип Unable to compile TypeScript:
[96mutils/openai/chatgpt.ts[0m:[93m152[0m:[93m7[0m - [91merror[0m[90m TS2304: [0mCannot find name 'logger'.

[7m152[0m       logger.error(
[7m   [0m [91m      ~~~~~~[0m

    at createTSError (C:\Users\jmaki\AppData\Roaming\npm\node_modules\ts-node\src\index.ts:859:12)
    at reportTSError (C:\Users\jmaki\AppData\Roaming\npm\node_modules\ts-node\src\index.ts:863:19)
    at getOutput (C:\Users\jmaki\AppData\Roaming\npm\node_modules\ts-node\src\index.ts:1077:36)
    at Object.compile (C:\Users\jmaki\AppData\Roaming\npm\node_modules\ts-node\src\index.ts:1433:41)
    at Module.m._compile (C:\Users\jmaki\AppData\Roaming\npm\node_modules\ts-node\src\index.ts:1617:30)
    at Module._extensions..js (node:internal/modules/cjs/loader:1293:10)
    at Object.require.extensions.<computed> [as .ts] (C:\Users\jmaki\AppData\Roaming\npm\node_modules\ts-node\src\index.ts:1621:12)
    at Module.load (node:internal/modules/cjs/loader:1096:32)
    at Function.Module._load (node:internal/modules/cjs/loader:935:12)
    at Module.require (node:internal/modules/cjs/loader:1120:19)
{"date":"Sat Apr 29 2023 11:54:58 GMT+0300 (Eastern European Summer Time)","error":{"diagnosticCodes":[2304]},"exception":true,"level":"error","message":"uncaughtException: тип Unable to compile TypeScript:\n\u001b[96mutils/openai/chatgpt.ts\u001b[0m:\u001b[93m152\u001b[0m:\u001b[93m7\u001b[0m - \u001b[91merror\u001b[0m\u001b[90m TS2304: \u001b[0mCannot find name 'logger'.\r\n\r\n\u001b[7m152\u001b[0m       logger.error(\r\n\u001b[7m   \u001b[0m \u001b[91m      ~~~~~~\u001b[0m\r\n\nTSError: тип Unable to compile TypeScript:\n\u001b[96mutils/openai/chatgpt.ts\u001b[0m:\u001b[93m152\u001b[0m:\u001b[93m7\u001b[0m - \u001b[91merror\u001b[0m\u001b[90m TS2304: \u001b[0mCannot find name 'logger'.\r\n\r\n\u001b[7m152\u001b[0m       logger.error(\r\n\u001b[7m   \u001b[0m \u001b[91m      ~~~~~~\u001b[0m\r\n\n    at createTSError (C:\\Users\\jmaki\\AppData\\Roaming\\npm\\node_modules\\ts-node\\src\\index.ts:859:12)\n    at reportTSError (C:\\Users\\jmaki\\AppData\\Roaming\\npm\\node_modules\\ts-node\\src\\index.ts:863:19)\n    at getOutput (C:\\Users\\jmaki\\AppData\\Roaming\\npm\\node_modules\\ts-node\\src\\index.ts:1077:36)\n    at Object.compile (C:\\Users\\jmaki\\AppData\\Roaming\\npm\\node_modules\\ts-node\\src\\index.ts:1433:41)\n    at Module.m._compile (C:\\Users\\jmaki\\AppData\\Roaming\\npm\\node_modules\\ts-node\\src\\index.ts:1617:30)\n    at Module._extensions..js (node:internal/modules/cjs/loader:1293:10)\n    at Object.require.extensions.<computed> [as .ts] (C:\\Users\\jmaki\\AppData\\Roaming\\npm\\node_modules\\ts-node\\src\\index.ts:1621:12)\n    at Module.load (node:internal/modules/cjs/loader:1096:32)\n    at Function.Module._load (node:internal/modules/cjs/loader:935:12)\n    at Module.require (node:internal/modules/cjs/loader:1120:19)","os":{"loadavg":[0,0,0],"uptime":302194.562},"process":{"argv":["C:\\Users\\jmaki\\AppData\\Roaming\\npm\\node_modules\\ts-node\\dist\\bin.js","C:\\Users\\jmaki\\Desktop\\CodeGPT\\utils\\deployCommands.ts"],"cwd":"C:\\Users\\jmaki\\Desktop\\CodeGPT","execPath":"C:\\Program Files\\nodejs\\node.exe","gid":null,"memoryUsage":{"arrayBuffers":1111193,"external":3167501,"heapTotal":161574912,"heapUsed":140882752,"rss":198479872},"pid":22012,"uid":null,"version":"v19.4.0"},"stack":"TSError: тип Unable to compile TypeScript:\n\u001b[96mutils/openai/chatgpt.ts\u001b[0m:\u001b[93m152\u001b[0m:\u001b[93m7\u001b[0m - \u001b[91merror\u001b[0m\u001b[90m TS2304: \u001b[0mCannot find name 'logger'.\r\n\r\n\u001b[7m152\u001b[0m       logger.error(\r\n\u001b[7m   \u001b[0m \u001b[91m      ~~~~~~\u001b[0m\r\n\n    at createTSError (C:\\Users\\jmaki\\AppData\\Roaming\\npm\\node_modules\\ts-node\\src\\index.ts:859:12)\n    at reportTSError (C:\\Users\\jmaki\\AppData\\Roaming\\npm\\node_modules\\ts-node\\src\\index.ts:863:19)\n    at getOutput (C:\\Users\\jmaki\\AppData\\Roaming\\npm\\node_modules\\ts-node\\src\\index.ts:1077:36)\n    at Object.compile (C:\\Users\\jmaki\\AppData\\Roaming\\npm\\node_modules\\ts-node\\src\\index.ts:1433:41)\n    at Module.m._compile (C:\\Users\\jmaki\\AppData\\Roaming\\npm\\node_modules\\ts-node\\src\\index.ts:1617:30)\n    at Module._extensions..js (node:internal/modules/cjs/loader:1293:10)\n    at Object.require.extensions.<computed> [as .ts] (C:\\Users\\jmaki\\AppData\\Roaming\\npm\\node_modules\\ts-node\\src\\index.ts:1621:12)\n    at Module.load (node:internal/modules/cjs/loader:1096:32)\n    at Function.Module._load (node:internal/modules/cjs/loader:935:12)\n    at Module.require (node:internal/modules/cjs/loader:1120:19)","timestamp":"2023-04-29T08:54:58.811Z","trace":[{"column":12,"file":"C:\\Users\\jmaki\\AppData\\Roaming\\npm\\node_modules\\ts-node\\src\\index.ts","function":"createTSError","line":859,"method":null,"native":false},{"column":19,"file":"C:\\Users\\jmaki\\AppData\\Roaming\\npm\\node_modules\\ts-node\\src\\index.ts","function":"reportTSError","line":863,"method":null,"native":false},{"column":36,"file":"C:\\Users\\jmaki\\AppData\\Roaming\\npm\\node_modules\\ts-node\\src\\index.ts","function":"getOutput","line":1077,"method":null,"native":false},{"column":41,"file":"C:\\Users\\jmaki\\AppData\\Roaming\\npm\\node_modules\\ts-node\\src\\index.ts","function":"Object.compile","line":1433,"method":"compile","native":false},{"column":30,"file":"C:\\Users\\jmaki\\AppData\\Roaming\\npm\\node_modules\\ts-node\\src\\index.ts","function":"Module.m._compile","line":1617,"method":"_compile","native":false},{"column":10,"file":"node:internal/modules/cjs/loader","function":"Module._extensions..js","line":1293,"method":".js","native":false},{"column":12,"file":"C:\\Users\\jmaki\\AppData\\Roaming\\npm\\node_modules\\ts-node\\src\\index.ts","function":"Object.require.extensions.<computed> [as .ts]","line":1621,"method":"ts]","native":false},{"column":32,"file":"node:internal/modules/cjs/loader","function":"Module.load","line":1096,"method":"load","native":false},{"column":12,"file":"node:internal/modules/cjs/loader","function":"Module._load","line":935,"method":"_load","native":false},{"column":19,"file":"node:internal/modules/cjs/loader","function":"Module.require","line":1120,"method":"require","native":false}]}
2023-04-29T08:55:49.447Z error: [L152]: Error in C:\Users\jmaki\Desktop\CodeGPT\utils\openai:  Error: Request failed with status code 400
2023-04-29T08:56:18.595Z error: [L152]: Error in C:\Users\jmaki\Desktop\CodeGPT\utils\openai:  Error: Request failed with status code 400
2023-04-29T08:58:09.411Z error: [L152]: Error in C:\Users\jmaki\Desktop\CodeGPT\utils\openai:  Error: Request failed with status code 400
2023-04-29T09:01:37.562Z error: [L152]: Error in C:\Users\jmaki\Desktop\CodeGPT\utils\openai:  Error: Request failed with status code 400
2023-04-29T09:01:38.748Z error: [L152]: Error in C:\Users\jmaki\Desktop\CodeGPT\utils\openai:  Error: Request failed with status code 400
2023-04-29T09:01:51.552Z error: [L152]: Error in C:\Users\jmaki\Desktop\CodeGPT\utils\openai:  Error: Request failed with status code 400
2023-04-29T09:04:25.604Z error: [L152]: Error in C:\Users\jmaki\Desktop\CodeGPT\utils\openai:  Error: Request failed with status code 400
2023-04-29T09:04:26.712Z error: [L152]: Error in C:\Users\jmaki\Desktop\CodeGPT\utils\openai:  Error: Request failed with status code 400
2023-04-29T09:44:07.575Z error: [L152]: Error in C:\Users\jmaki\Desktop\CodeGPT\utils\openai:  Error: Request failed with status code 400
2023-04-29T09:44:08.094Z error: [L152]: Error in C:\Users\jmaki\Desktop\CodeGPT\utils\openai:  Error: Request failed with status code 400
2023-04-29T10:16:16.532Z error: [L152]: Error in C:\Users\jmaki\Desktop\CodeGPT\utils\openai:  Error: Request failed with status code 400
2023-04-29T10:16:17.025Z error: [L152]: Error in C:\Users\jmaki\Desktop\CodeGPT\utils\openai:  Error: Request failed with status code 400
2023-04-29T10:19:11.262Z error: [L152]: Error in C:\Users\jmaki\Desktop\CodeGPT\utils\openai:  Error: Request failed with status code 400
2023-04-29T10:19:11.732Z error: [L152]: Error in C:\Users\jmaki\Desktop\CodeGPT\utils\openai:  Error: Request failed with status code 400
