2023-04-28T06:31:37.656Z error: uncaughtException: CommandTree is not a constructor
TypeError: CommandTree is not a constructor
    at new DiscordClient (C:\Users\nickj.DC1\Desktop\CodeGPT\discordClient.ts:24:17)
    at run (C:\Users\nickj.DC1\Desktop\CodeGPT\main.ts:27:18)
    at Object.<anonymous> (C:\Users\nickj.DC1\Desktop\CodeGPT\main.ts:82:3)
    at Module._compile (node:internal/modules/cjs/loader:1254:14)
    at Module.m._compile (C:\Users\nickj.DC1\AppData\Roaming\npm\node_modules\ts-node\src\index.ts:1618:23)
    at Module._extensions..js (node:internal/modules/cjs/loader:1308:10)
    at Object.require.extensions.<computed> [as .ts] (C:\Users\nickj.DC1\AppData\Roaming\npm\node_modules\ts-node\src\index.ts:1621:12)
    at Module.load (node:internal/modules/cjs/loader:1117:32)
    at Function.Module._load (node:internal/modules/cjs/loader:958:12)
    at Function.executeUserEntryPoint [as runMain] (node:internal/modules/run_main:81:12)
{"date":"Fri Apr 28 2023 09:31:37 GMT+0300 (Eastern European Summer Time)","error":{},"exception":true,"level":"error","message":"uncaughtException: CommandTree is not a constructor\nTypeError: CommandTree is not a constructor\n    at new DiscordClient (C:\\Users\\nickj.DC1\\Desktop\\CodeGPT\\discordClient.ts:24:17)\n    at run (C:\\Users\\nickj.DC1\\Desktop\\CodeGPT\\main.ts:27:18)\n    at Object.<anonymous> (C:\\Users\\nickj.DC1\\Desktop\\CodeGPT\\main.ts:82:3)\n    at Module._compile (node:internal/modules/cjs/loader:1254:14)\n    at Module.m._compile (C:\\Users\\nickj.DC1\\AppData\\Roaming\\npm\\node_modules\\ts-node\\src\\index.ts:1618:23)\n    at Module._extensions..js (node:internal/modules/cjs/loader:1308:10)\n    at Object.require.extensions.<computed> [as .ts] (C:\\Users\\nickj.DC1\\AppData\\Roaming\\npm\\node_modules\\ts-node\\src\\index.ts:1621:12)\n    at Module.load (node:internal/modules/cjs/loader:1117:32)\n    at Function.Module._load (node:internal/modules/cjs/loader:958:12)\n    at Function.executeUserEntryPoint [as runMain] (node:internal/modules/run_main:81:12)","os":{"loadavg":[0,0,0],"uptime":686208.093},"process":{"argv":["C:\\Users\\nickj.DC1\\AppData\\Roaming\\npm\\node_modules\\ts-node\\dist\\bin.js","C:\\Users\\nickj.DC1\\Desktop\\CodeGPT\\main.ts"],"cwd":"C:\\Users\\nickj.DC1\\Desktop\\CodeGPT","execPath":"C:\\Program Files\\nodejs\\node.exe","gid":null,"memoryUsage":{"arrayBuffers":1136590,"external":2647332,"heapTotal":172109824,"heapUsed":141585688,"rss":210042880},"pid":85764,"uid":null,"version":"v18.14.2"},"stack":"TypeError: CommandTree is not a constructor\n    at new DiscordClient (C:\\Users\\nickj.DC1\\Desktop\\CodeGPT\\discordClient.ts:24:17)\n    at run (C:\\Users\\nickj.DC1\\Desktop\\CodeGPT\\main.ts:27:18)\n    at Object.<anonymous> (C:\\Users\\nickj.DC1\\Desktop\\CodeGPT\\main.ts:82:3)\n    at Module._compile (node:internal/modules/cjs/loader:1254:14)\n    at Module.m._compile (C:\\Users\\nickj.DC1\\AppData\\Roaming\\npm\\node_modules\\ts-node\\src\\index.ts:1618:23)\n    at Module._extensions..js (node:internal/modules/cjs/loader:1308:10)\n    at Object.require.extensions.<computed> [as .ts] (C:\\Users\\nickj.DC1\\AppData\\Roaming\\npm\\node_modules\\ts-node\\src\\index.ts:1621:12)\n    at Module.load (node:internal/modules/cjs/loader:1117:32)\n    at Function.Module._load (node:internal/modules/cjs/loader:958:12)\n    at Function.executeUserEntryPoint [as runMain] (node:internal/modules/run_main:81:12)","timestamp":"2023-04-28T06:31:37.656Z","trace":[{"column":17,"file":"C:\\Users\\nickj.DC1\\Desktop\\CodeGPT\\discordClient.ts","function":"new DiscordClient","line":24,"method":null,"native":false},{"column":18,"file":"C:\\Users\\nickj.DC1\\Desktop\\CodeGPT\\main.ts","function":"run","line":27,"method":null,"native":false},{"column":3,"file":"C:\\Users\\nickj.DC1\\Desktop\\CodeGPT\\main.ts","function":null,"line":82,"method":null,"native":false},{"column":14,"file":"node:internal/modules/cjs/loader","function":"Module._compile","line":1254,"method":"_compile","native":false},{"column":23,"file":"C:\\Users\\nickj.DC1\\AppData\\Roaming\\npm\\node_modules\\ts-node\\src\\index.ts","function":"Module.m._compile","line":1618,"method":"_compile","native":false},{"column":10,"file":"node:internal/modules/cjs/loader","function":"Module._extensions..js","line":1308,"method":".js","native":false},{"column":12,"file":"C:\\Users\\nickj.DC1\\AppData\\Roaming\\npm\\node_modules\\ts-node\\src\\index.ts","function":"Object.require.extensions.<computed> [as .ts]","line":1621,"method":"ts]","native":false},{"column":32,"file":"node:internal/modules/cjs/loader","function":"Module.load","line":1117,"method":"load","native":false},{"column":12,"file":"node:internal/modules/cjs/loader","function":"Module._load","line":958,"method":"_load","native":false},{"column":12,"file":"node:internal/modules/run_main","function":"Function.executeUserEntryPoint [as runMain]","line":81,"method":"executeUserEntryPoint [as runMain]","native":false}]}
2023-04-28T06:41:35.793Z error: uncaughtException: Cannot read properties of undefined (reading 'command')
TypeError: Cannot read properties of undefined (reading 'command')
    at run (C:\Users\nickj.DC1\Desktop\CodeGPT\main.ts:25:15)
    at Object.<anonymous> (C:\Users\nickj.DC1\Desktop\CodeGPT\main.ts:77:3)
    at Module._compile (node:internal/modules/cjs/loader:1254:14)
    at Module.m._compile (C:\Users\nickj.DC1\AppData\Roaming\npm\node_modules\ts-node\src\index.ts:1618:23)
    at Module._extensions..js (node:internal/modules/cjs/loader:1308:10)
    at Object.require.extensions.<computed> [as .ts] (C:\Users\nickj.DC1\AppData\Roaming\npm\node_modules\ts-node\src\index.ts:1621:12)
    at Module.load (node:internal/modules/cjs/loader:1117:32)
    at Function.Module._load (node:internal/modules/cjs/loader:958:12)
    at Function.executeUserEntryPoint [as runMain] (node:internal/modules/run_main:81:12)
    at phase4 (C:\Users\nickj.DC1\AppData\Roaming\npm\node_modules\ts-node\src\bin.ts:649:14)
{"date":"Fri Apr 28 2023 09:41:35 GMT+0300 (Eastern European Summer Time)","error":{},"exception":true,"level":"error","message":"uncaughtException: Cannot read properties of undefined (reading 'command')\nTypeError: Cannot read properties of undefined (reading 'command')\n    at run (C:\\Users\\nickj.DC1\\Desktop\\CodeGPT\\main.ts:25:15)\n    at Object.<anonymous> (C:\\Users\\nickj.DC1\\Desktop\\CodeGPT\\main.ts:77:3)\n    at Module._compile (node:internal/modules/cjs/loader:1254:14)\n    at Module.m._compile (C:\\Users\\nickj.DC1\\AppData\\Roaming\\npm\\node_modules\\ts-node\\src\\index.ts:1618:23)\n    at Module._extensions..js (node:internal/modules/cjs/loader:1308:10)\n    at Object.require.extensions.<computed> [as .ts] (C:\\Users\\nickj.DC1\\AppData\\Roaming\\npm\\node_modules\\ts-node\\src\\index.ts:1621:12)\n    at Module.load (node:internal/modules/cjs/loader:1117:32)\n    at Function.Module._load (node:internal/modules/cjs/loader:958:12)\n    at Function.executeUserEntryPoint [as runMain] (node:internal/modules/run_main:81:12)\n    at phase4 (C:\\Users\\nickj.DC1\\AppData\\Roaming\\npm\\node_modules\\ts-node\\src\\bin.ts:649:14)","os":{"loadavg":[0,0,0],"uptime":686806.218},"process":{"argv":["C:\\Users\\nickj.DC1\\AppData\\Roaming\\npm\\node_modules\\ts-node\\dist\\bin.js","C:\\Users\\nickj.DC1\\Desktop\\CodeGPT\\main.ts"],"cwd":"C:\\Users\\nickj.DC1\\Desktop\\CodeGPT","execPath":"C:\\Program Files\\nodejs\\node.exe","gid":null,"memoryUsage":{"arrayBuffers":1268531,"external":2780853,"heapTotal":172371968,"heapUsed":146386416,"rss":212062208},"pid":51560,"uid":null,"version":"v18.14.2"},"stack":"TypeError: Cannot read properties of undefined (reading 'command')\n    at run (C:\\Users\\nickj.DC1\\Desktop\\CodeGPT\\main.ts:25:15)\n    at Object.<anonymous> (C:\\Users\\nickj.DC1\\Desktop\\CodeGPT\\main.ts:77:3)\n    at Module._compile (node:internal/modules/cjs/loader:1254:14)\n    at Module.m._compile (C:\\Users\\nickj.DC1\\AppData\\Roaming\\npm\\node_modules\\ts-node\\src\\index.ts:1618:23)\n    at Module._extensions..js (node:internal/modules/cjs/loader:1308:10)\n    at Object.require.extensions.<computed> [as .ts] (C:\\Users\\nickj.DC1\\AppData\\Roaming\\npm\\node_modules\\ts-node\\src\\index.ts:1621:12)\n    at Module.load (node:internal/modules/cjs/loader:1117:32)\n    at Function.Module._load (node:internal/modules/cjs/loader:958:12)\n    at Function.executeUserEntryPoint [as runMain] (node:internal/modules/run_main:81:12)\n    at phase4 (C:\\Users\\nickj.DC1\\AppData\\Roaming\\npm\\node_modules\\ts-node\\src\\bin.ts:649:14)","timestamp":"2023-04-28T06:41:35.793Z","trace":[{"column":15,"file":"C:\\Users\\nickj.DC1\\Desktop\\CodeGPT\\main.ts","function":"run","line":25,"method":null,"native":false},{"column":3,"file":"C:\\Users\\nickj.DC1\\Desktop\\CodeGPT\\main.ts","function":null,"line":77,"method":null,"native":false},{"column":14,"file":"node:internal/modules/cjs/loader","function":"Module._compile","line":1254,"method":"_compile","native":false},{"column":23,"file":"C:\\Users\\nickj.DC1\\AppData\\Roaming\\npm\\node_modules\\ts-node\\src\\index.ts","function":"Module.m._compile","line":1618,"method":"_compile","native":false},{"column":10,"file":"node:internal/modules/cjs/loader","function":"Module._extensions..js","line":1308,"method":".js","native":false},{"column":12,"file":"C:\\Users\\nickj.DC1\\AppData\\Roaming\\npm\\node_modules\\ts-node\\src\\index.ts","function":"Object.require.extensions.<computed> [as .ts]","line":1621,"method":"ts]","native":false},{"column":32,"file":"node:internal/modules/cjs/loader","function":"Module.load","line":1117,"method":"load","native":false},{"column":12,"file":"node:internal/modules/cjs/loader","function":"Module._load","line":958,"method":"_load","native":false},{"column":12,"file":"node:internal/modules/run_main","function":"Function.executeUserEntryPoint [as runMain]","line":81,"method":"executeUserEntryPoint [as runMain]","native":false},{"column":14,"file":"C:\\Users\\nickj.DC1\\AppData\\Roaming\\npm\\node_modules\\ts-node\\src\\bin.ts","function":"phase4","line":649,"method":null,"native":false}]}
2023-04-28T06:55:33.911Z error: uncaughtException: тип Unable to compile TypeScript:
[96mcommands/chat.ts[0m:[93m21[0m:[93m17[0m - [91merror[0m[90m TS7006: [0mParameter 'interaction' implicitly has an 'any' type.

[7m21[0m   async execute(interaction) {
[7m  [0m [91m                ~~~~~~~~~~~[0m

TSError: тип Unable to compile TypeScript:
[96mcommands/chat.ts[0m:[93m21[0m:[93m17[0m - [91merror[0m[90m TS7006: [0mParameter 'interaction' implicitly has an 'any' type.

[7m21[0m   async execute(interaction) {
[7m  [0m [91m                ~~~~~~~~~~~[0m

    at createTSError (C:\Users\nickj.DC1\AppData\Roaming\npm\node_modules\ts-node\src\index.ts:859:12)
    at reportTSError (C:\Users\nickj.DC1\AppData\Roaming\npm\node_modules\ts-node\src\index.ts:863:19)
    at getOutput (C:\Users\nickj.DC1\AppData\Roaming\npm\node_modules\ts-node\src\index.ts:1077:36)
    at Object.compile (C:\Users\nickj.DC1\AppData\Roaming\npm\node_modules\ts-node\src\index.ts:1433:41)
    at Module.m._compile (C:\Users\nickj.DC1\AppData\Roaming\npm\node_modules\ts-node\src\index.ts:1617:30)
    at Module._extensions..js (node:internal/modules/cjs/loader:1308:10)
    at Object.require.extensions.<computed> [as .ts] (C:\Users\nickj.DC1\AppData\Roaming\npm\node_modules\ts-node\src\index.ts:1621:12)
    at Module.load (node:internal/modules/cjs/loader:1117:32)
    at Function.Module._load (node:internal/modules/cjs/loader:958:12)
    at Module.require (node:internal/modules/cjs/loader:1141:19)
{"date":"Fri Apr 28 2023 09:55:33 GMT+0300 (Eastern European Summer Time)","error":{"diagnosticCodes":[7006]},"exception":true,"level":"error","message":"uncaughtException: тип Unable to compile TypeScript:\n\u001b[96mcommands/chat.ts\u001b[0m:\u001b[93m21\u001b[0m:\u001b[93m17\u001b[0m - \u001b[91merror\u001b[0m\u001b[90m TS7006: \u001b[0mParameter 'interaction' implicitly has an 'any' type.\r\n\r\n\u001b[7m21\u001b[0m   async execute(interaction) {\r\n\u001b[7m  \u001b[0m \u001b[91m                ~~~~~~~~~~~\u001b[0m\r\n\nTSError: тип Unable to compile TypeScript:\n\u001b[96mcommands/chat.ts\u001b[0m:\u001b[93m21\u001b[0m:\u001b[93m17\u001b[0m - \u001b[91merror\u001b[0m\u001b[90m TS7006: \u001b[0mParameter 'interaction' implicitly has an 'any' type.\r\n\r\n\u001b[7m21\u001b[0m   async execute(interaction) {\r\n\u001b[7m  \u001b[0m \u001b[91m                ~~~~~~~~~~~\u001b[0m\r\n\n    at createTSError (C:\\Users\\nickj.DC1\\AppData\\Roaming\\npm\\node_modules\\ts-node\\src\\index.ts:859:12)\n    at reportTSError (C:\\Users\\nickj.DC1\\AppData\\Roaming\\npm\\node_modules\\ts-node\\src\\index.ts:863:19)\n    at getOutput (C:\\Users\\nickj.DC1\\AppData\\Roaming\\npm\\node_modules\\ts-node\\src\\index.ts:1077:36)\n    at Object.compile (C:\\Users\\nickj.DC1\\AppData\\Roaming\\npm\\node_modules\\ts-node\\src\\index.ts:1433:41)\n    at Module.m._compile (C:\\Users\\nickj.DC1\\AppData\\Roaming\\npm\\node_modules\\ts-node\\src\\index.ts:1617:30)\n    at Module._extensions..js (node:internal/modules/cjs/loader:1308:10)\n    at Object.require.extensions.<computed> [as .ts] (C:\\Users\\nickj.DC1\\AppData\\Roaming\\npm\\node_modules\\ts-node\\src\\index.ts:1621:12)\n    at Module.load (node:internal/modules/cjs/loader:1117:32)\n    at Function.Module._load (node:internal/modules/cjs/loader:958:12)\n    at Module.require (node:internal/modules/cjs/loader:1141:19)","os":{"loadavg":[0,0,0],"uptime":687644.343},"process":{"argv":["C:\\Users\\nickj.DC1\\AppData\\Roaming\\npm\\node_modules\\ts-node\\dist\\bin.js","C:\\Users\\nickj.DC1\\Desktop\\CodeGPT\\main.ts"],"cwd":"C:\\Users\\nickj.DC1\\Desktop\\CodeGPT","execPath":"C:\\Program Files\\nodejs\\node.exe","gid":null,"memoryUsage":{"arrayBuffers":1081672,"external":2593994,"heapTotal":171290624,"heapUsed":140175240,"rss":209788928},"pid":82536,"uid":null,"version":"v18.14.2"},"stack":"TSError: тип Unable to compile TypeScript:\n\u001b[96mcommands/chat.ts\u001b[0m:\u001b[93m21\u001b[0m:\u001b[93m17\u001b[0m - \u001b[91merror\u001b[0m\u001b[90m TS7006: \u001b[0mParameter 'interaction' implicitly has an 'any' type.\r\n\r\n\u001b[7m21\u001b[0m   async execute(interaction) {\r\n\u001b[7m  \u001b[0m \u001b[91m                ~~~~~~~~~~~\u001b[0m\r\n\n    at createTSError (C:\\Users\\nickj.DC1\\AppData\\Roaming\\npm\\node_modules\\ts-node\\src\\index.ts:859:12)\n    at reportTSError (C:\\Users\\nickj.DC1\\AppData\\Roaming\\npm\\node_modules\\ts-node\\src\\index.ts:863:19)\n    at getOutput (C:\\Users\\nickj.DC1\\AppData\\Roaming\\npm\\node_modules\\ts-node\\src\\index.ts:1077:36)\n    at Object.compile (C:\\Users\\nickj.DC1\\AppData\\Roaming\\npm\\node_modules\\ts-node\\src\\index.ts:1433:41)\n    at Module.m._compile (C:\\Users\\nickj.DC1\\AppData\\Roaming\\npm\\node_modules\\ts-node\\src\\index.ts:1617:30)\n    at Module._extensions..js (node:internal/modules/cjs/loader:1308:10)\n    at Object.require.extensions.<computed> [as .ts] (C:\\Users\\nickj.DC1\\AppData\\Roaming\\npm\\node_modules\\ts-node\\src\\index.ts:1621:12)\n    at Module.load (node:internal/modules/cjs/loader:1117:32)\n    at Function.Module._load (node:internal/modules/cjs/loader:958:12)\n    at Module.require (node:internal/modules/cjs/loader:1141:19)","timestamp":"2023-04-28T06:55:33.911Z","trace":[{"column":12,"file":"C:\\Users\\nickj.DC1\\AppData\\Roaming\\npm\\node_modules\\ts-node\\src\\index.ts","function":"createTSError","line":859,"method":null,"native":false},{"column":19,"file":"C:\\Users\\nickj.DC1\\AppData\\Roaming\\npm\\node_modules\\ts-node\\src\\index.ts","function":"reportTSError","line":863,"method":null,"native":false},{"column":36,"file":"C:\\Users\\nickj.DC1\\AppData\\Roaming\\npm\\node_modules\\ts-node\\src\\index.ts","function":"getOutput","line":1077,"method":null,"native":false},{"column":41,"file":"C:\\Users\\nickj.DC1\\AppData\\Roaming\\npm\\node_modules\\ts-node\\src\\index.ts","function":"Object.compile","line":1433,"method":"compile","native":false},{"column":30,"file":"C:\\Users\\nickj.DC1\\AppData\\Roaming\\npm\\node_modules\\ts-node\\src\\index.ts","function":"Module.m._compile","line":1617,"method":"_compile","native":false},{"column":10,"file":"node:internal/modules/cjs/loader","function":"Module._extensions..js","line":1308,"method":".js","native":false},{"column":12,"file":"C:\\Users\\nickj.DC1\\AppData\\Roaming\\npm\\node_modules\\ts-node\\src\\index.ts","function":"Object.require.extensions.<computed> [as .ts]","line":1621,"method":"ts]","native":false},{"column":32,"file":"node:internal/modules/cjs/loader","function":"Module.load","line":1117,"method":"load","native":false},{"column":12,"file":"node:internal/modules/cjs/loader","function":"Module._load","line":958,"method":"_load","native":false},{"column":19,"file":"node:internal/modules/cjs/loader","function":"Module.require","line":1141,"method":"require","native":false}]}
2023-04-28T06:56:43.260Z error: uncaughtException: Cannot find module './discordClient'
Require stack:
- C:\Users\nickj.DC1\Desktop\CodeGPT\commands\chat.ts
- C:\Users\nickj.DC1\Desktop\CodeGPT\main.ts
Error: Cannot find module './discordClient'
Require stack:
- C:\Users\nickj.DC1\Desktop\CodeGPT\commands\chat.ts
- C:\Users\nickj.DC1\Desktop\CodeGPT\main.ts
    at Function.Module._resolveFilename (node:internal/modules/cjs/loader:1075:15)
    at Function.Module._resolveFilename.sharedData.moduleResolveFilenameHook.installedValue [as _resolveFilename] (C:\Users\nickj.DC1\AppData\Roaming\npm\node_modules\ts-node\node_modules\@cspotcode\source-map-support\source-map-support.js:811:30)
    at Function.Module._load (node:internal/modules/cjs/loader:920:27)
    at Module.require (node:internal/modules/cjs/loader:1141:19)
    at require (node:internal/modules/cjs/helpers:110:18)
    at Object.<anonymous> (C:\Users\nickj.DC1\Desktop\CodeGPT\commands\chat.ts:2:35)
    at Module._compile (node:internal/modules/cjs/loader:1254:14)
    at Module.m._compile (C:\Users\nickj.DC1\AppData\Roaming\npm\node_modules\ts-node\src\index.ts:1618:23)
    at Module._extensions..js (node:internal/modules/cjs/loader:1308:10)
    at Object.require.extensions.<computed> [as .ts] (C:\Users\nickj.DC1\AppData\Roaming\npm\node_modules\ts-node\src\index.ts:1621:12)
{"date":"Fri Apr 28 2023 09:56:43 GMT+0300 (Eastern European Summer Time)","error":{"code":"MODULE_NOT_FOUND","requireStack":["C:\\Users\\nickj.DC1\\Desktop\\CodeGPT\\commands\\chat.ts","C:\\Users\\nickj.DC1\\Desktop\\CodeGPT\\main.ts"]},"exception":true,"level":"error","message":"uncaughtException: Cannot find module './discordClient'\nRequire stack:\n- C:\\Users\\nickj.DC1\\Desktop\\CodeGPT\\commands\\chat.ts\n- C:\\Users\\nickj.DC1\\Desktop\\CodeGPT\\main.ts\nError: Cannot find module './discordClient'\nRequire stack:\n- C:\\Users\\nickj.DC1\\Desktop\\CodeGPT\\commands\\chat.ts\n- C:\\Users\\nickj.DC1\\Desktop\\CodeGPT\\main.ts\n    at Function.Module._resolveFilename (node:internal/modules/cjs/loader:1075:15)\n    at Function.Module._resolveFilename.sharedData.moduleResolveFilenameHook.installedValue [as _resolveFilename] (C:\\Users\\nickj.DC1\\AppData\\Roaming\\npm\\node_modules\\ts-node\\node_modules\\@cspotcode\\source-map-support\\source-map-support.js:811:30)\n    at Function.Module._load (node:internal/modules/cjs/loader:920:27)\n    at Module.require (node:internal/modules/cjs/loader:1141:19)\n    at require (node:internal/modules/cjs/helpers:110:18)\n    at Object.<anonymous> (C:\\Users\\nickj.DC1\\Desktop\\CodeGPT\\commands\\chat.ts:2:35)\n    at Module._compile (node:internal/modules/cjs/loader:1254:14)\n    at Module.m._compile (C:\\Users\\nickj.DC1\\AppData\\Roaming\\npm\\node_modules\\ts-node\\src\\index.ts:1618:23)\n    at Module._extensions..js (node:internal/modules/cjs/loader:1308:10)\n    at Object.require.extensions.<computed> [as .ts] (C:\\Users\\nickj.DC1\\AppData\\Roaming\\npm\\node_modules\\ts-node\\src\\index.ts:1621:12)","os":{"loadavg":[0,0,0],"uptime":687713.687},"process":{"argv":["C:\\Users\\nickj.DC1\\AppData\\Roaming\\npm\\node_modules\\ts-node\\dist\\bin.js","C:\\Users\\nickj.DC1\\Desktop\\CodeGPT\\main.ts"],"cwd":"C:\\Users\\nickj.DC1\\Desktop\\CodeGPT","execPath":"C:\\Program Files\\nodejs\\node.exe","gid":null,"memoryUsage":{"arrayBuffers":1106295,"external":2617037,"heapTotal":172601344,"heapUsed":149013928,"rss":210747392},"pid":41224,"uid":null,"version":"v18.14.2"},"stack":"Error: Cannot find module './discordClient'\nRequire stack:\n- C:\\Users\\nickj.DC1\\Desktop\\CodeGPT\\commands\\chat.ts\n- C:\\Users\\nickj.DC1\\Desktop\\CodeGPT\\main.ts\n    at Function.Module._resolveFilename (node:internal/modules/cjs/loader:1075:15)\n    at Function.Module._resolveFilename.sharedData.moduleResolveFilenameHook.installedValue [as _resolveFilename] (C:\\Users\\nickj.DC1\\AppData\\Roaming\\npm\\node_modules\\ts-node\\node_modules\\@cspotcode\\source-map-support\\source-map-support.js:811:30)\n    at Function.Module._load (node:internal/modules/cjs/loader:920:27)\n    at Module.require (node:internal/modules/cjs/loader:1141:19)\n    at require (node:internal/modules/cjs/helpers:110:18)\n    at Object.<anonymous> (C:\\Users\\nickj.DC1\\Desktop\\CodeGPT\\commands\\chat.ts:2:35)\n    at Module._compile (node:internal/modules/cjs/loader:1254:14)\n    at Module.m._compile (C:\\Users\\nickj.DC1\\AppData\\Roaming\\npm\\node_modules\\ts-node\\src\\index.ts:1618:23)\n    at Module._extensions..js (node:internal/modules/cjs/loader:1308:10)\n    at Object.require.extensions.<computed> [as .ts] (C:\\Users\\nickj.DC1\\AppData\\Roaming\\npm\\node_modules\\ts-node\\src\\index.ts:1621:12)","timestamp":"2023-04-28T06:56:43.260Z","trace":[{"column":15,"file":"node:internal/modules/cjs/loader","function":"Module._resolveFilename","line":1075,"method":"_resolveFilename","native":false},{"column":30,"file":"C:\\Users\\nickj.DC1\\AppData\\Roaming\\npm\\node_modules\\ts-node\\node_modules\\@cspotcode\\source-map-support\\source-map-support.js","function":"Module._resolveFilename.sharedData.moduleResolveFilenameHook.installedValue [as _resolveFilename]","line":811,"method":"installedValue [as _resolveFilename]","native":false},{"column":27,"file":"node:internal/modules/cjs/loader","function":"Module._load","line":920,"method":"_load","native":false},{"column":19,"file":"node:internal/modules/cjs/loader","function":"Module.require","line":1141,"method":"require","native":false},{"column":18,"file":"node:internal/modules/cjs/helpers","function":"require","line":110,"method":null,"native":false},{"column":35,"file":"C:\\Users\\nickj.DC1\\Desktop\\CodeGPT\\commands\\chat.ts","function":null,"line":2,"method":null,"native":false},{"column":14,"file":"node:internal/modules/cjs/loader","function":"Module._compile","line":1254,"method":"_compile","native":false},{"column":23,"file":"C:\\Users\\nickj.DC1\\AppData\\Roaming\\npm\\node_modules\\ts-node\\src\\index.ts","function":"Module.m._compile","line":1618,"method":"_compile","native":false},{"column":10,"file":"node:internal/modules/cjs/loader","function":"Module._extensions..js","line":1308,"method":".js","native":false},{"column":12,"file":"C:\\Users\\nickj.DC1\\AppData\\Roaming\\npm\\node_modules\\ts-node\\src\\index.ts","function":"Object.require.extensions.<computed> [as .ts]","line":1621,"method":"ts]","native":false}]}
2023-04-28T06:57:14.901Z error: uncaughtException: client.run is not a function
TypeError: client.run is not a function
    at run (C:\Users\nickj.DC1\Desktop\CodeGPT\main.ts:48:10)
    at Object.<anonymous> (C:\Users\nickj.DC1\Desktop\CodeGPT\main.ts:52:3)
    at Module._compile (node:internal/modules/cjs/loader:1254:14)
    at Module.m._compile (C:\Users\nickj.DC1\AppData\Roaming\npm\node_modules\ts-node\src\index.ts:1618:23)
    at Module._extensions..js (node:internal/modules/cjs/loader:1308:10)
    at Object.require.extensions.<computed> [as .ts] (C:\Users\nickj.DC1\AppData\Roaming\npm\node_modules\ts-node\src\index.ts:1621:12)
    at Module.load (node:internal/modules/cjs/loader:1117:32)
    at Function.Module._load (node:internal/modules/cjs/loader:958:12)
    at Function.executeUserEntryPoint [as runMain] (node:internal/modules/run_main:81:12)
    at phase4 (C:\Users\nickj.DC1\AppData\Roaming\npm\node_modules\ts-node\src\bin.ts:649:14)
{"date":"Fri Apr 28 2023 09:57:14 GMT+0300 (Eastern European Summer Time)","error":{},"exception":true,"level":"error","message":"uncaughtException: client.run is not a function\nTypeError: client.run is not a function\n    at run (C:\\Users\\nickj.DC1\\Desktop\\CodeGPT\\main.ts:48:10)\n    at Object.<anonymous> (C:\\Users\\nickj.DC1\\Desktop\\CodeGPT\\main.ts:52:3)\n    at Module._compile (node:internal/modules/cjs/loader:1254:14)\n    at Module.m._compile (C:\\Users\\nickj.DC1\\AppData\\Roaming\\npm\\node_modules\\ts-node\\src\\index.ts:1618:23)\n    at Module._extensions..js (node:internal/modules/cjs/loader:1308:10)\n    at Object.require.extensions.<computed> [as .ts] (C:\\Users\\nickj.DC1\\AppData\\Roaming\\npm\\node_modules\\ts-node\\src\\index.ts:1621:12)\n    at Module.load (node:internal/modules/cjs/loader:1117:32)\n    at Function.Module._load (node:internal/modules/cjs/loader:958:12)\n    at Function.executeUserEntryPoint [as runMain] (node:internal/modules/run_main:81:12)\n    at phase4 (C:\\Users\\nickj.DC1\\AppData\\Roaming\\npm\\node_modules\\ts-node\\src\\bin.ts:649:14)","os":{"loadavg":[0,0,0],"uptime":687745.328},"process":{"argv":["C:\\Users\\nickj.DC1\\AppData\\Roaming\\npm\\node_modules\\ts-node\\dist\\bin.js","C:\\Users\\nickj.DC1\\Desktop\\CodeGPT\\main.ts"],"cwd":"C:\\Users\\nickj.DC1\\Desktop\\CodeGPT","execPath":"C:\\Program Files\\nodejs\\node.exe","gid":null,"memoryUsage":{"arrayBuffers":1228927,"external":2739669,"heapTotal":173125632,"heapUsed":147832304,"rss":214933504},"pid":34440,"uid":null,"version":"v18.14.2"},"stack":"TypeError: client.run is not a function\n    at run (C:\\Users\\nickj.DC1\\Desktop\\CodeGPT\\main.ts:48:10)\n    at Object.<anonymous> (C:\\Users\\nickj.DC1\\Desktop\\CodeGPT\\main.ts:52:3)\n    at Module._compile (node:internal/modules/cjs/loader:1254:14)\n    at Module.m._compile (C:\\Users\\nickj.DC1\\AppData\\Roaming\\npm\\node_modules\\ts-node\\src\\index.ts:1618:23)\n    at Module._extensions..js (node:internal/modules/cjs/loader:1308:10)\n    at Object.require.extensions.<computed> [as .ts] (C:\\Users\\nickj.DC1\\AppData\\Roaming\\npm\\node_modules\\ts-node\\src\\index.ts:1621:12)\n    at Module.load (node:internal/modules/cjs/loader:1117:32)\n    at Function.Module._load (node:internal/modules/cjs/loader:958:12)\n    at Function.executeUserEntryPoint [as runMain] (node:internal/modules/run_main:81:12)\n    at phase4 (C:\\Users\\nickj.DC1\\AppData\\Roaming\\npm\\node_modules\\ts-node\\src\\bin.ts:649:14)","timestamp":"2023-04-28T06:57:14.901Z","trace":[{"column":10,"file":"C:\\Users\\nickj.DC1\\Desktop\\CodeGPT\\main.ts","function":"run","line":48,"method":null,"native":false},{"column":3,"file":"C:\\Users\\nickj.DC1\\Desktop\\CodeGPT\\main.ts","function":null,"line":52,"method":null,"native":false},{"column":14,"file":"node:internal/modules/cjs/loader","function":"Module._compile","line":1254,"method":"_compile","native":false},{"column":23,"file":"C:\\Users\\nickj.DC1\\AppData\\Roaming\\npm\\node_modules\\ts-node\\src\\index.ts","function":"Module.m._compile","line":1618,"method":"_compile","native":false},{"column":10,"file":"node:internal/modules/cjs/loader","function":"Module._extensions..js","line":1308,"method":".js","native":false},{"column":12,"file":"C:\\Users\\nickj.DC1\\AppData\\Roaming\\npm\\node_modules\\ts-node\\src\\index.ts","function":"Object.require.extensions.<computed> [as .ts]","line":1621,"method":"ts]","native":false},{"column":32,"file":"node:internal/modules/cjs/loader","function":"Module.load","line":1117,"method":"load","native":false},{"column":12,"file":"node:internal/modules/cjs/loader","function":"Module._load","line":958,"method":"_load","native":false},{"column":12,"file":"node:internal/modules/run_main","function":"Function.executeUserEntryPoint [as runMain]","line":81,"method":"executeUserEntryPoint [as runMain]","native":false},{"column":14,"file":"C:\\Users\\nickj.DC1\\AppData\\Roaming\\npm\\node_modules\\ts-node\\src\\bin.ts","function":"phase4","line":649,"method":null,"native":false}]}
2023-04-28T12:06:37.081Z error: uncaughtException: тип Unable to compile TypeScript:
[96mchatgpt.ts[0m:[93m37[0m:[93m54[0m - [91merror[0m[90m TS2366: [0mFunction lacks ending return statement and return type does not include 'undefined'.

[7m37[0m   async get_response(user_id: string, text: string): Promise<string> {
[7m  [0m [91m                                                     ~~~~~~~~~~~~~~~[0m
[96mchatgpt.ts[0m:[93m72[0m:[93m7[0m - [91merror[0m[90m TS2304: [0mCannot find name 'logger'.

[7m72[0m       logger.error(`Error while generating response: ${error}`);
[7m  [0m [91m      ~~~~~~[0m

TSError: тип Unable to compile TypeScript:
[96mchatgpt.ts[0m:[93m37[0m:[93m54[0m - [91merror[0m[90m TS2366: [0mFunction lacks ending return statement and return type does not include 'undefined'.

[7m37[0m   async get_response(user_id: string, text: string): Promise<string> {
[7m  [0m [91m                                                     ~~~~~~~~~~~~~~~[0m
[96mchatgpt.ts[0m:[93m72[0m:[93m7[0m - [91merror[0m[90m TS2304: [0mCannot find name 'logger'.

[7m72[0m       logger.error(`Error while generating response: ${error}`);
[7m  [0m [91m      ~~~~~~[0m

    at createTSError (C:\Users\nickj.DC1\AppData\Roaming\npm\node_modules\ts-node\src\index.ts:859:12)
    at reportTSError (C:\Users\nickj.DC1\AppData\Roaming\npm\node_modules\ts-node\src\index.ts:863:19)
    at getOutput (C:\Users\nickj.DC1\AppData\Roaming\npm\node_modules\ts-node\src\index.ts:1077:36)
    at Object.compile (C:\Users\nickj.DC1\AppData\Roaming\npm\node_modules\ts-node\src\index.ts:1433:41)
    at Module.m._compile (C:\Users\nickj.DC1\AppData\Roaming\npm\node_modules\ts-node\src\index.ts:1617:30)
    at Module._extensions..js (node:internal/modules/cjs/loader:1308:10)
    at Object.require.extensions.<computed> [as .ts] (C:\Users\nickj.DC1\AppData\Roaming\npm\node_modules\ts-node\src\index.ts:1621:12)
    at Module.load (node:internal/modules/cjs/loader:1117:32)
    at Function.Module._load (node:internal/modules/cjs/loader:958:12)
    at Module.require (node:internal/modules/cjs/loader:1141:19)
{"date":"Fri Apr 28 2023 15:06:37 GMT+0300 (Eastern European Summer Time)","error":{"diagnosticCodes":[2366,2304]},"exception":true,"level":"error","message":"uncaughtException: тип Unable to compile TypeScript:\n\u001b[96mchatgpt.ts\u001b[0m:\u001b[93m37\u001b[0m:\u001b[93m54\u001b[0m - \u001b[91merror\u001b[0m\u001b[90m TS2366: \u001b[0mFunction lacks ending return statement and return type does not include 'undefined'.\r\n\r\n\u001b[7m37\u001b[0m   async get_response(user_id: string, text: string): Promise<string> {\r\n\u001b[7m  \u001b[0m \u001b[91m                                                     ~~~~~~~~~~~~~~~\u001b[0m\r\n\u001b[96mchatgpt.ts\u001b[0m:\u001b[93m72\u001b[0m:\u001b[93m7\u001b[0m - \u001b[91merror\u001b[0m\u001b[90m TS2304: \u001b[0mCannot find name 'logger'.\r\n\r\n\u001b[7m72\u001b[0m       logger.error(`Error while generating response: ${error}`);\r\n\u001b[7m  \u001b[0m \u001b[91m      ~~~~~~\u001b[0m\r\n\nTSError: тип Unable to compile TypeScript:\n\u001b[96mchatgpt.ts\u001b[0m:\u001b[93m37\u001b[0m:\u001b[93m54\u001b[0m - \u001b[91merror\u001b[0m\u001b[90m TS2366: \u001b[0mFunction lacks ending return statement and return type does not include 'undefined'.\r\n\r\n\u001b[7m37\u001b[0m   async get_response(user_id: string, text: string): Promise<string> {\r\n\u001b[7m  \u001b[0m \u001b[91m                                                     ~~~~~~~~~~~~~~~\u001b[0m\r\n\u001b[96mchatgpt.ts\u001b[0m:\u001b[93m72\u001b[0m:\u001b[93m7\u001b[0m - \u001b[91merror\u001b[0m\u001b[90m TS2304: \u001b[0mCannot find name 'logger'.\r\n\r\n\u001b[7m72\u001b[0m       logger.error(`Error while generating response: ${error}`);\r\n\u001b[7m  \u001b[0m \u001b[91m      ~~~~~~\u001b[0m\r\n\n    at createTSError (C:\\Users\\nickj.DC1\\AppData\\Roaming\\npm\\node_modules\\ts-node\\src\\index.ts:859:12)\n    at reportTSError (C:\\Users\\nickj.DC1\\AppData\\Roaming\\npm\\node_modules\\ts-node\\src\\index.ts:863:19)\n    at getOutput (C:\\Users\\nickj.DC1\\AppData\\Roaming\\npm\\node_modules\\ts-node\\src\\index.ts:1077:36)\n    at Object.compile (C:\\Users\\nickj.DC1\\AppData\\Roaming\\npm\\node_modules\\ts-node\\src\\index.ts:1433:41)\n    at Module.m._compile (C:\\Users\\nickj.DC1\\AppData\\Roaming\\npm\\node_modules\\ts-node\\src\\index.ts:1617:30)\n    at Module._extensions..js (node:internal/modules/cjs/loader:1308:10)\n    at Object.require.extensions.<computed> [as .ts] (C:\\Users\\nickj.DC1\\AppData\\Roaming\\npm\\node_modules\\ts-node\\src\\index.ts:1621:12)\n    at Module.load (node:internal/modules/cjs/loader:1117:32)\n    at Function.Module._load (node:internal/modules/cjs/loader:958:12)\n    at Module.require (node:internal/modules/cjs/loader:1141:19)","os":{"loadavg":[0,0,0],"uptime":706306.687},"process":{"argv":["C:\\Users\\nickj.DC1\\AppData\\Roaming\\npm\\node_modules\\ts-node\\dist\\bin.js","C:\\Users\\nickj.DC1\\Desktop\\CodeGPT\\main.ts"],"cwd":"C:\\Users\\nickj.DC1\\Desktop\\CodeGPT","execPath":"C:\\Program Files\\nodejs\\node.exe","gid":null,"memoryUsage":{"arrayBuffers":965294,"external":2708490,"heapTotal":170274816,"heapUsed":135917224,"rss":207556608},"pid":13984,"uid":null,"version":"v18.14.2"},"stack":"TSError: тип Unable to compile TypeScript:\n\u001b[96mchatgpt.ts\u001b[0m:\u001b[93m37\u001b[0m:\u001b[93m54\u001b[0m - \u001b[91merror\u001b[0m\u001b[90m TS2366: \u001b[0mFunction lacks ending return statement and return type does not include 'undefined'.\r\n\r\n\u001b[7m37\u001b[0m   async get_response(user_id: string, text: string): Promise<string> {\r\n\u001b[7m  \u001b[0m \u001b[91m                                                     ~~~~~~~~~~~~~~~\u001b[0m\r\n\u001b[96mchatgpt.ts\u001b[0m:\u001b[93m72\u001b[0m:\u001b[93m7\u001b[0m - \u001b[91merror\u001b[0m\u001b[90m TS2304: \u001b[0mCannot find name 'logger'.\r\n\r\n\u001b[7m72\u001b[0m       logger.error(`Error while generating response: ${error}`);\r\n\u001b[7m  \u001b[0m \u001b[91m      ~~~~~~\u001b[0m\r\n\n    at createTSError (C:\\Users\\nickj.DC1\\AppData\\Roaming\\npm\\node_modules\\ts-node\\src\\index.ts:859:12)\n    at reportTSError (C:\\Users\\nickj.DC1\\AppData\\Roaming\\npm\\node_modules\\ts-node\\src\\index.ts:863:19)\n    at getOutput (C:\\Users\\nickj.DC1\\AppData\\Roaming\\npm\\node_modules\\ts-node\\src\\index.ts:1077:36)\n    at Object.compile (C:\\Users\\nickj.DC1\\AppData\\Roaming\\npm\\node_modules\\ts-node\\src\\index.ts:1433:41)\n    at Module.m._compile (C:\\Users\\nickj.DC1\\AppData\\Roaming\\npm\\node_modules\\ts-node\\src\\index.ts:1617:30)\n    at Module._extensions..js (node:internal/modules/cjs/loader:1308:10)\n    at Object.require.extensions.<computed> [as .ts] (C:\\Users\\nickj.DC1\\AppData\\Roaming\\npm\\node_modules\\ts-node\\src\\index.ts:1621:12)\n    at Module.load (node:internal/modules/cjs/loader:1117:32)\n    at Function.Module._load (node:internal/modules/cjs/loader:958:12)\n    at Module.require (node:internal/modules/cjs/loader:1141:19)","timestamp":"2023-04-28T12:06:37.081Z","trace":[{"column":12,"file":"C:\\Users\\nickj.DC1\\AppData\\Roaming\\npm\\node_modules\\ts-node\\src\\index.ts","function":"createTSError","line":859,"method":null,"native":false},{"column":19,"file":"C:\\Users\\nickj.DC1\\AppData\\Roaming\\npm\\node_modules\\ts-node\\src\\index.ts","function":"reportTSError","line":863,"method":null,"native":false},{"column":36,"file":"C:\\Users\\nickj.DC1\\AppData\\Roaming\\npm\\node_modules\\ts-node\\src\\index.ts","function":"getOutput","line":1077,"method":null,"native":false},{"column":41,"file":"C:\\Users\\nickj.DC1\\AppData\\Roaming\\npm\\node_modules\\ts-node\\src\\index.ts","function":"Object.compile","line":1433,"method":"compile","native":false},{"column":30,"file":"C:\\Users\\nickj.DC1\\AppData\\Roaming\\npm\\node_modules\\ts-node\\src\\index.ts","function":"Module.m._compile","line":1617,"method":"_compile","native":false},{"column":10,"file":"node:internal/modules/cjs/loader","function":"Module._extensions..js","line":1308,"method":".js","native":false},{"column":12,"file":"C:\\Users\\nickj.DC1\\AppData\\Roaming\\npm\\node_modules\\ts-node\\src\\index.ts","function":"Object.require.extensions.<computed> [as .ts]","line":1621,"method":"ts]","native":false},{"column":32,"file":"node:internal/modules/cjs/loader","function":"Module.load","line":1117,"method":"load","native":false},{"column":12,"file":"node:internal/modules/cjs/loader","function":"Module._load","line":958,"method":"_load","native":false},{"column":19,"file":"node:internal/modules/cjs/loader","function":"Module.require","line":1141,"method":"require","native":false}]}
2023-04-28T12:08:28.661Z error: uncaughtException: Cannot find module './logger'
Require stack:
- C:\Users\nickj.DC1\Desktop\CodeGPT\utils\src.ts
- C:\Users\nickj.DC1\Desktop\CodeGPT\commands\search\search.ts
- C:\Users\nickj.DC1\Desktop\CodeGPT\main.ts
Error: Cannot find module './logger'
Require stack:
- C:\Users\nickj.DC1\Desktop\CodeGPT\utils\src.ts
- C:\Users\nickj.DC1\Desktop\CodeGPT\commands\search\search.ts
- C:\Users\nickj.DC1\Desktop\CodeGPT\main.ts
    at Function.Module._resolveFilename (node:internal/modules/cjs/loader:1075:15)
    at Function.Module._resolveFilename.sharedData.moduleResolveFilenameHook.installedValue [as _resolveFilename] (C:\Users\nickj.DC1\AppData\Roaming\npm\node_modules\ts-node\node_modules\@cspotcode\source-map-support\source-map-support.js:811:30)
    at Function.Module._load (node:internal/modules/cjs/loader:920:27)
    at Module.require (node:internal/modules/cjs/loader:1141:19)
    at require (node:internal/modules/cjs/helpers:110:18)
    at Object.<anonymous> (C:\Users\nickj.DC1\Desktop\CodeGPT\utils\src.ts:3:16)
    at Module._compile (node:internal/modules/cjs/loader:1254:14)
    at Module.m._compile (C:\Users\nickj.DC1\AppData\Roaming\npm\node_modules\ts-node\src\index.ts:1618:23)
    at Module._extensions..js (node:internal/modules/cjs/loader:1308:10)
    at Object.require.extensions.<computed> [as .ts] (C:\Users\nickj.DC1\AppData\Roaming\npm\node_modules\ts-node\src\index.ts:1621:12)
{"date":"Fri Apr 28 2023 15:08:28 GMT+0300 (Eastern European Summer Time)","error":{"code":"MODULE_NOT_FOUND","requireStack":["C:\\Users\\nickj.DC1\\Desktop\\CodeGPT\\utils\\src.ts","C:\\Users\\nickj.DC1\\Desktop\\CodeGPT\\commands\\search\\search.ts","C:\\Users\\nickj.DC1\\Desktop\\CodeGPT\\main.ts"]},"exception":true,"level":"error","message":"uncaughtException: Cannot find module './logger'\nRequire stack:\n- C:\\Users\\nickj.DC1\\Desktop\\CodeGPT\\utils\\src.ts\n- C:\\Users\\nickj.DC1\\Desktop\\CodeGPT\\commands\\search\\search.ts\n- C:\\Users\\nickj.DC1\\Desktop\\CodeGPT\\main.ts\nError: Cannot find module './logger'\nRequire stack:\n- C:\\Users\\nickj.DC1\\Desktop\\CodeGPT\\utils\\src.ts\n- C:\\Users\\nickj.DC1\\Desktop\\CodeGPT\\commands\\search\\search.ts\n- C:\\Users\\nickj.DC1\\Desktop\\CodeGPT\\main.ts\n    at Function.Module._resolveFilename (node:internal/modules/cjs/loader:1075:15)\n    at Function.Module._resolveFilename.sharedData.moduleResolveFilenameHook.installedValue [as _resolveFilename] (C:\\Users\\nickj.DC1\\AppData\\Roaming\\npm\\node_modules\\ts-node\\node_modules\\@cspotcode\\source-map-support\\source-map-support.js:811:30)\n    at Function.Module._load (node:internal/modules/cjs/loader:920:27)\n    at Module.require (node:internal/modules/cjs/loader:1141:19)\n    at require (node:internal/modules/cjs/helpers:110:18)\n    at Object.<anonymous> (C:\\Users\\nickj.DC1\\Desktop\\CodeGPT\\utils\\src.ts:3:16)\n    at Module._compile (node:internal/modules/cjs/loader:1254:14)\n    at Module.m._compile (C:\\Users\\nickj.DC1\\AppData\\Roaming\\npm\\node_modules\\ts-node\\src\\index.ts:1618:23)\n    at Module._extensions..js (node:internal/modules/cjs/loader:1308:10)\n    at Object.require.extensions.<computed> [as .ts] (C:\\Users\\nickj.DC1\\AppData\\Roaming\\npm\\node_modules\\ts-node\\src\\index.ts:1621:12)","os":{"loadavg":[0,0,0],"uptime":706418.265},"process":{"argv":["C:\\Users\\nickj.DC1\\AppData\\Roaming\\npm\\node_modules\\ts-node\\dist\\bin.js","C:\\Users\\nickj.DC1\\Desktop\\CodeGPT\\main.ts"],"cwd":"C:\\Users\\nickj.DC1\\Desktop\\CodeGPT","execPath":"C:\\Program Files\\nodejs\\node.exe","gid":null,"memoryUsage":{"arrayBuffers":1161357,"external":2673679,"heapTotal":185708544,"heapUsed":161126392,"rss":225030144},"pid":71900,"uid":null,"version":"v18.14.2"},"stack":"Error: Cannot find module './logger'\nRequire stack:\n- C:\\Users\\nickj.DC1\\Desktop\\CodeGPT\\utils\\src.ts\n- C:\\Users\\nickj.DC1\\Desktop\\CodeGPT\\commands\\search\\search.ts\n- C:\\Users\\nickj.DC1\\Desktop\\CodeGPT\\main.ts\n    at Function.Module._resolveFilename (node:internal/modules/cjs/loader:1075:15)\n    at Function.Module._resolveFilename.sharedData.moduleResolveFilenameHook.installedValue [as _resolveFilename] (C:\\Users\\nickj.DC1\\AppData\\Roaming\\npm\\node_modules\\ts-node\\node_modules\\@cspotcode\\source-map-support\\source-map-support.js:811:30)\n    at Function.Module._load (node:internal/modules/cjs/loader:920:27)\n    at Module.require (node:internal/modules/cjs/loader:1141:19)\n    at require (node:internal/modules/cjs/helpers:110:18)\n    at Object.<anonymous> (C:\\Users\\nickj.DC1\\Desktop\\CodeGPT\\utils\\src.ts:3:16)\n    at Module._compile (node:internal/modules/cjs/loader:1254:14)\n    at Module.m._compile (C:\\Users\\nickj.DC1\\AppData\\Roaming\\npm\\node_modules\\ts-node\\src\\index.ts:1618:23)\n    at Module._extensions..js (node:internal/modules/cjs/loader:1308:10)\n    at Object.require.extensions.<computed> [as .ts] (C:\\Users\\nickj.DC1\\AppData\\Roaming\\npm\\node_modules\\ts-node\\src\\index.ts:1621:12)","timestamp":"2023-04-28T12:08:28.661Z","trace":[{"column":15,"file":"node:internal/modules/cjs/loader","function":"Module._resolveFilename","line":1075,"method":"_resolveFilename","native":false},{"column":30,"file":"C:\\Users\\nickj.DC1\\AppData\\Roaming\\npm\\node_modules\\ts-node\\node_modules\\@cspotcode\\source-map-support\\source-map-support.js","function":"Module._resolveFilename.sharedData.moduleResolveFilenameHook.installedValue [as _resolveFilename]","line":811,"method":"installedValue [as _resolveFilename]","native":false},{"column":27,"file":"node:internal/modules/cjs/loader","function":"Module._load","line":920,"method":"_load","native":false},{"column":19,"file":"node:internal/modules/cjs/loader","function":"Module.require","line":1141,"method":"require","native":false},{"column":18,"file":"node:internal/modules/cjs/helpers","function":"require","line":110,"method":null,"native":false},{"column":16,"file":"C:\\Users\\nickj.DC1\\Desktop\\CodeGPT\\utils\\src.ts","function":null,"line":3,"method":null,"native":false},{"column":14,"file":"node:internal/modules/cjs/loader","function":"Module._compile","line":1254,"method":"_compile","native":false},{"column":23,"file":"C:\\Users\\nickj.DC1\\AppData\\Roaming\\npm\\node_modules\\ts-node\\src\\index.ts","function":"Module.m._compile","line":1618,"method":"_compile","native":false},{"column":10,"file":"node:internal/modules/cjs/loader","function":"Module._extensions..js","line":1308,"method":".js","native":false},{"column":12,"file":"C:\\Users\\nickj.DC1\\AppData\\Roaming\\npm\\node_modules\\ts-node\\src\\index.ts","function":"Object.require.extensions.<computed> [as .ts]","line":1621,"method":"ts]","native":false}]}
2023-04-28T12:09:02.209Z error: Error while generating response: Error: Request failed with status code 400
2023-04-28T12:28:21.167Z error: uncaughtException: require() of ES Module C:\Users\nickj.DC1\Desktop\CodeGPT\node_modules\node-fetch\src\index.js from C:\Users\nickj.DC1\Desktop\CodeGPT\commands\files\fileparse.ts not supported.
Instead change the require of index.js in C:\Users\nickj.DC1\Desktop\CodeGPT\commands\files\fileparse.ts to a dynamic import() which is available in all CommonJS modules.
Error [ERR_REQUIRE_ESM]: require() of ES Module C:\Users\nickj.DC1\Desktop\CodeGPT\node_modules\node-fetch\src\index.js from C:\Users\nickj.DC1\Desktop\CodeGPT\commands\files\fileparse.ts not supported.
Instead change the require of index.js in C:\Users\nickj.DC1\Desktop\CodeGPT\commands\files\fileparse.ts to a dynamic import() which is available in all CommonJS modules.
    at require.extensions.<computed> [as .js] (C:\Users\nickj.DC1\AppData\Roaming\npm\node_modules\ts-node\dist\index.js:851:20)
    at Object.<anonymous> (C:\Users\nickj.DC1\Desktop\CodeGPT\commands\files\fileparse.ts:20:15)
    at m._compile (C:\Users\nickj.DC1\AppData\Roaming\npm\node_modules\ts-node\dist\index.js:857:29)
    at require.extensions.<computed> [as .ts] (C:\Users\nickj.DC1\AppData\Roaming\npm\node_modules\ts-node\dist\index.js:859:16)
    at Object.<anonymous> (C:\Users\nickj.DC1\Desktop\CodeGPT\main.ts:27:25)
    at m._compile (C:\Users\nickj.DC1\AppData\Roaming\npm\node_modules\ts-node\dist\index.js:857:29)
    at require.extensions.<computed> [as .ts] (C:\Users\nickj.DC1\AppData\Roaming\npm\node_modules\ts-node\dist\index.js:859:16)
    at phase4 (C:\Users\nickj.DC1\AppData\Roaming\npm\node_modules\ts-node\dist\bin.js:466:20)
    at bootstrap (C:\Users\nickj.DC1\AppData\Roaming\npm\node_modules\ts-node\dist\bin.js:54:12)
    at main (C:\Users\nickj.DC1\AppData\Roaming\npm\node_modules\ts-node\dist\bin.js:33:12)
    at Object.<anonymous> (C:\Users\nickj.DC1\AppData\Roaming\npm\node_modules\ts-node\dist\bin.js:579:5)
{"date":"Fri Apr 28 2023 15:28:21 GMT+0300 (Eastern European Summer Time)","error":{"code":"ERR_REQUIRE_ESM"},"exception":true,"level":"error","message":"uncaughtException: require() of ES Module C:\\Users\\nickj.DC1\\Desktop\\CodeGPT\\node_modules\\node-fetch\\src\\index.js from C:\\Users\\nickj.DC1\\Desktop\\CodeGPT\\commands\\files\\fileparse.ts not supported.\nInstead change the require of index.js in C:\\Users\\nickj.DC1\\Desktop\\CodeGPT\\commands\\files\\fileparse.ts to a dynamic import() which is available in all CommonJS modules.\nError [ERR_REQUIRE_ESM]: require() of ES Module C:\\Users\\nickj.DC1\\Desktop\\CodeGPT\\node_modules\\node-fetch\\src\\index.js from C:\\Users\\nickj.DC1\\Desktop\\CodeGPT\\commands\\files\\fileparse.ts not supported.\nInstead change the require of index.js in C:\\Users\\nickj.DC1\\Desktop\\CodeGPT\\commands\\files\\fileparse.ts to a dynamic import() which is available in all CommonJS modules.\n    at require.extensions.<computed> [as .js] (C:\\Users\\nickj.DC1\\AppData\\Roaming\\npm\\node_modules\\ts-node\\dist\\index.js:851:20)\n    at Object.<anonymous> (C:\\Users\\nickj.DC1\\Desktop\\CodeGPT\\commands\\files\\fileparse.ts:20:15)\n    at m._compile (C:\\Users\\nickj.DC1\\AppData\\Roaming\\npm\\node_modules\\ts-node\\dist\\index.js:857:29)\n    at require.extensions.<computed> [as .ts] (C:\\Users\\nickj.DC1\\AppData\\Roaming\\npm\\node_modules\\ts-node\\dist\\index.js:859:16)\n    at Object.<anonymous> (C:\\Users\\nickj.DC1\\Desktop\\CodeGPT\\main.ts:27:25)\n    at m._compile (C:\\Users\\nickj.DC1\\AppData\\Roaming\\npm\\node_modules\\ts-node\\dist\\index.js:857:29)\n    at require.extensions.<computed> [as .ts] (C:\\Users\\nickj.DC1\\AppData\\Roaming\\npm\\node_modules\\ts-node\\dist\\index.js:859:16)\n    at phase4 (C:\\Users\\nickj.DC1\\AppData\\Roaming\\npm\\node_modules\\ts-node\\dist\\bin.js:466:20)\n    at bootstrap (C:\\Users\\nickj.DC1\\AppData\\Roaming\\npm\\node_modules\\ts-node\\dist\\bin.js:54:12)\n    at main (C:\\Users\\nickj.DC1\\AppData\\Roaming\\npm\\node_modules\\ts-node\\dist\\bin.js:33:12)\n    at Object.<anonymous> (C:\\Users\\nickj.DC1\\AppData\\Roaming\\npm\\node_modules\\ts-node\\dist\\bin.js:579:5)","os":{"loadavg":[0,0,0],"uptime":707610.765},"process":{"argv":["C:\\Users\\nickj.DC1\\AppData\\Roaming\\npm\\node_modules\\ts-node\\dist\\bin.js","C:\\Users\\nickj.DC1\\Desktop\\CodeGPT\\main.ts"],"cwd":"C:\\Users\\nickj.DC1\\Desktop\\CodeGPT","execPath":"C:\\Program Files\\nodejs\\node.exe","gid":null,"memoryUsage":{"arrayBuffers":1056620,"external":2567438,"heapTotal":184999936,"heapUsed":154493720,"rss":223956992},"pid":43896,"uid":null,"version":"v18.14.2"},"stack":"Error [ERR_REQUIRE_ESM]: require() of ES Module C:\\Users\\nickj.DC1\\Desktop\\CodeGPT\\node_modules\\node-fetch\\src\\index.js from C:\\Users\\nickj.DC1\\Desktop\\CodeGPT\\commands\\files\\fileparse.ts not supported.\nInstead change the require of index.js in C:\\Users\\nickj.DC1\\Desktop\\CodeGPT\\commands\\files\\fileparse.ts to a dynamic import() which is available in all CommonJS modules.\n    at require.extensions.<computed> [as .js] (C:\\Users\\nickj.DC1\\AppData\\Roaming\\npm\\node_modules\\ts-node\\dist\\index.js:851:20)\n    at Object.<anonymous> (C:\\Users\\nickj.DC1\\Desktop\\CodeGPT\\commands\\files\\fileparse.ts:20:15)\n    at m._compile (C:\\Users\\nickj.DC1\\AppData\\Roaming\\npm\\node_modules\\ts-node\\dist\\index.js:857:29)\n    at require.extensions.<computed> [as .ts] (C:\\Users\\nickj.DC1\\AppData\\Roaming\\npm\\node_modules\\ts-node\\dist\\index.js:859:16)\n    at Object.<anonymous> (C:\\Users\\nickj.DC1\\Desktop\\CodeGPT\\main.ts:27:25)\n    at m._compile (C:\\Users\\nickj.DC1\\AppData\\Roaming\\npm\\node_modules\\ts-node\\dist\\index.js:857:29)\n    at require.extensions.<computed> [as .ts] (C:\\Users\\nickj.DC1\\AppData\\Roaming\\npm\\node_modules\\ts-node\\dist\\index.js:859:16)\n    at phase4 (C:\\Users\\nickj.DC1\\AppData\\Roaming\\npm\\node_modules\\ts-node\\dist\\bin.js:466:20)\n    at bootstrap (C:\\Users\\nickj.DC1\\AppData\\Roaming\\npm\\node_modules\\ts-node\\dist\\bin.js:54:12)\n    at main (C:\\Users\\nickj.DC1\\AppData\\Roaming\\npm\\node_modules\\ts-node\\dist\\bin.js:33:12)\n    at Object.<anonymous> (C:\\Users\\nickj.DC1\\AppData\\Roaming\\npm\\node_modules\\ts-node\\dist\\bin.js:579:5)","timestamp":"2023-04-28T12:28:21.167Z","trace":[{"column":20,"file":"C:\\Users\\nickj.DC1\\AppData\\Roaming\\npm\\node_modules\\ts-node\\dist\\index.js","function":"require.extensions.<computed> [as .js]","line":851,"method":"js]","native":false},{"column":15,"file":"C:\\Users\\nickj.DC1\\Desktop\\CodeGPT\\commands\\files\\fileparse.ts","function":null,"line":20,"method":null,"native":false},{"column":29,"file":"C:\\Users\\nickj.DC1\\AppData\\Roaming\\npm\\node_modules\\ts-node\\dist\\index.js","function":"m._compile","line":857,"method":"_compile","native":false},{"column":16,"file":"C:\\Users\\nickj.DC1\\AppData\\Roaming\\npm\\node_modules\\ts-node\\dist\\index.js","function":"require.extensions.<computed> [as .ts]","line":859,"method":"ts]","native":false},{"column":25,"file":"C:\\Users\\nickj.DC1\\Desktop\\CodeGPT\\main.ts","function":null,"line":27,"method":null,"native":false},{"column":29,"file":"C:\\Users\\nickj.DC1\\AppData\\Roaming\\npm\\node_modules\\ts-node\\dist\\index.js","function":"m._compile","line":857,"method":"_compile","native":false},{"column":16,"file":"C:\\Users\\nickj.DC1\\AppData\\Roaming\\npm\\node_modules\\ts-node\\dist\\index.js","function":"require.extensions.<computed> [as .ts]","line":859,"method":"ts]","native":false},{"column":20,"file":"C:\\Users\\nickj.DC1\\AppData\\Roaming\\npm\\node_modules\\ts-node\\dist\\bin.js","function":"phase4","line":466,"method":null,"native":false},{"column":12,"file":"C:\\Users\\nickj.DC1\\AppData\\Roaming\\npm\\node_modules\\ts-node\\dist\\bin.js","function":"bootstrap","line":54,"method":null,"native":false},{"column":12,"file":"C:\\Users\\nickj.DC1\\AppData\\Roaming\\npm\\node_modules\\ts-node\\dist\\bin.js","function":"main","line":33,"method":null,"native":false},{"column":5,"file":"C:\\Users\\nickj.DC1\\AppData\\Roaming\\npm\\node_modules\\ts-node\\dist\\bin.js","function":null,"line":579,"method":null,"native":false}]}
2023-04-28T12:33:55.347Z error: uncaughtException: Cannot find module '../models/openaiModel'
Require stack:
- C:\Users\nickj.DC1\Desktop\CodeGPT\main.ts
Error: Cannot find module '../models/openaiModel'
Require stack:
- C:\Users\nickj.DC1\Desktop\CodeGPT\main.ts
    at Function.Module._resolveFilename (node:internal/modules/cjs/loader:1075:15)
    at Function.Module._resolveFilename.sharedData.moduleResolveFilenameHook.installedValue [as _resolveFilename] (C:\Users\nickj.DC1\AppData\Roaming\npm\node_modules\ts-node\node_modules\@cspotcode\source-map-support\source-map-support.js:811:30)
    at Function.Module._load (node:internal/modules/cjs/loader:920:27)
    at Module.require (node:internal/modules/cjs/loader:1141:19)
    at require (node:internal/modules/cjs/helpers:110:18)
    at Object.<anonymous> (C:\Users\nickj.DC1\Desktop\CodeGPT\main.ts:8:25)
    at Module._compile (node:internal/modules/cjs/loader:1254:14)
    at Module.m._compile (C:\Users\nickj.DC1\AppData\Roaming\npm\node_modules\ts-node\src\index.ts:1618:23)
    at Module._extensions..js (node:internal/modules/cjs/loader:1308:10)
    at Object.require.extensions.<computed> [as .ts] (C:\Users\nickj.DC1\AppData\Roaming\npm\node_modules\ts-node\src\index.ts:1621:12)
{"date":"Fri Apr 28 2023 15:33:55 GMT+0300 (Eastern European Summer Time)","error":{"code":"MODULE_NOT_FOUND","requireStack":["C:\\Users\\nickj.DC1\\Desktop\\CodeGPT\\main.ts"]},"exception":true,"level":"error","message":"uncaughtException: Cannot find module '../models/openaiModel'\nRequire stack:\n- C:\\Users\\nickj.DC1\\Desktop\\CodeGPT\\main.ts\nError: Cannot find module '../models/openaiModel'\nRequire stack:\n- C:\\Users\\nickj.DC1\\Desktop\\CodeGPT\\main.ts\n    at Function.Module._resolveFilename (node:internal/modules/cjs/loader:1075:15)\n    at Function.Module._resolveFilename.sharedData.moduleResolveFilenameHook.installedValue [as _resolveFilename] (C:\\Users\\nickj.DC1\\AppData\\Roaming\\npm\\node_modules\\ts-node\\node_modules\\@cspotcode\\source-map-support\\source-map-support.js:811:30)\n    at Function.Module._load (node:internal/modules/cjs/loader:920:27)\n    at Module.require (node:internal/modules/cjs/loader:1141:19)\n    at require (node:internal/modules/cjs/helpers:110:18)\n    at Object.<anonymous> (C:\\Users\\nickj.DC1\\Desktop\\CodeGPT\\main.ts:8:25)\n    at Module._compile (node:internal/modules/cjs/loader:1254:14)\n    at Module.m._compile (C:\\Users\\nickj.DC1\\AppData\\Roaming\\npm\\node_modules\\ts-node\\src\\index.ts:1618:23)\n    at Module._extensions..js (node:internal/modules/cjs/loader:1308:10)\n    at Object.require.extensions.<computed> [as .ts] (C:\\Users\\nickj.DC1\\AppData\\Roaming\\npm\\node_modules\\ts-node\\src\\index.ts:1621:12)","os":{"loadavg":[0,0,0],"uptime":707944.953},"process":{"argv":["C:\\Users\\nickj.DC1\\AppData\\Roaming\\npm\\node_modules\\ts-node\\dist\\bin.js","C:\\Users\\nickj.DC1\\Desktop\\CodeGPT\\main.ts"],"cwd":"C:\\Users\\nickj.DC1\\Desktop\\CodeGPT","execPath":"C:\\Program Files\\nodejs\\node.exe","gid":null,"memoryUsage":{"arrayBuffers":1135574,"external":2647896,"heapTotal":176041984,"heapUsed":143934432,"rss":214966272},"pid":29616,"uid":null,"version":"v18.14.2"},"stack":"Error: Cannot find module '../models/openaiModel'\nRequire stack:\n- C:\\Users\\nickj.DC1\\Desktop\\CodeGPT\\main.ts\n    at Function.Module._resolveFilename (node:internal/modules/cjs/loader:1075:15)\n    at Function.Module._resolveFilename.sharedData.moduleResolveFilenameHook.installedValue [as _resolveFilename] (C:\\Users\\nickj.DC1\\AppData\\Roaming\\npm\\node_modules\\ts-node\\node_modules\\@cspotcode\\source-map-support\\source-map-support.js:811:30)\n    at Function.Module._load (node:internal/modules/cjs/loader:920:27)\n    at Module.require (node:internal/modules/cjs/loader:1141:19)\n    at require (node:internal/modules/cjs/helpers:110:18)\n    at Object.<anonymous> (C:\\Users\\nickj.DC1\\Desktop\\CodeGPT\\main.ts:8:25)\n    at Module._compile (node:internal/modules/cjs/loader:1254:14)\n    at Module.m._compile (C:\\Users\\nickj.DC1\\AppData\\Roaming\\npm\\node_modules\\ts-node\\src\\index.ts:1618:23)\n    at Module._extensions..js (node:internal/modules/cjs/loader:1308:10)\n    at Object.require.extensions.<computed> [as .ts] (C:\\Users\\nickj.DC1\\AppData\\Roaming\\npm\\node_modules\\ts-node\\src\\index.ts:1621:12)","timestamp":"2023-04-28T12:33:55.347Z","trace":[{"column":15,"file":"node:internal/modules/cjs/loader","function":"Module._resolveFilename","line":1075,"method":"_resolveFilename","native":false},{"column":30,"file":"C:\\Users\\nickj.DC1\\AppData\\Roaming\\npm\\node_modules\\ts-node\\node_modules\\@cspotcode\\source-map-support\\source-map-support.js","function":"Module._resolveFilename.sharedData.moduleResolveFilenameHook.installedValue [as _resolveFilename]","line":811,"method":"installedValue [as _resolveFilename]","native":false},{"column":27,"file":"node:internal/modules/cjs/loader","function":"Module._load","line":920,"method":"_load","native":false},{"column":19,"file":"node:internal/modules/cjs/loader","function":"Module.require","line":1141,"method":"require","native":false},{"column":18,"file":"node:internal/modules/cjs/helpers","function":"require","line":110,"method":null,"native":false},{"column":25,"file":"C:\\Users\\nickj.DC1\\Desktop\\CodeGPT\\main.ts","function":null,"line":8,"method":null,"native":false},{"column":14,"file":"node:internal/modules/cjs/loader","function":"Module._compile","line":1254,"method":"_compile","native":false},{"column":23,"file":"C:\\Users\\nickj.DC1\\AppData\\Roaming\\npm\\node_modules\\ts-node\\src\\index.ts","function":"Module.m._compile","line":1618,"method":"_compile","native":false},{"column":10,"file":"node:internal/modules/cjs/loader","function":"Module._extensions..js","line":1308,"method":".js","native":false},{"column":12,"file":"C:\\Users\\nickj.DC1\\AppData\\Roaming\\npm\\node_modules\\ts-node\\src\\index.ts","function":"Object.require.extensions.<computed> [as .ts]","line":1621,"method":"ts]","native":false}]}
2023-04-28T12:34:18.487Z error: uncaughtException: An invalid token was provided.
Error [TokenInvalid]: An invalid token was provided.
    at DiscordClient.login (C:\Users\nickj.DC1\Desktop\CodeGPT\node_modules\discord.js\src\client\Client.js:214:52)
    at Object.<anonymous> (C:\Users\nickj.DC1\Desktop\CodeGPT\main.ts:104:8)
    at Module._compile (node:internal/modules/cjs/loader:1254:14)
    at Module.m._compile (C:\Users\nickj.DC1\AppData\Roaming\npm\node_modules\ts-node\src\index.ts:1618:23)
    at Module._extensions..js (node:internal/modules/cjs/loader:1308:10)
    at Object.require.extensions.<computed> [as .ts] (C:\Users\nickj.DC1\AppData\Roaming\npm\node_modules\ts-node\src\index.ts:1621:12)
    at Module.load (node:internal/modules/cjs/loader:1117:32)
    at Function.Module._load (node:internal/modules/cjs/loader:958:12)
    at Function.executeUserEntryPoint [as runMain] (node:internal/modules/run_main:81:12)
    at phase4 (C:\Users\nickj.DC1\AppData\Roaming\npm\node_modules\ts-node\src\bin.ts:649:14)
{"date":"Fri Apr 28 2023 15:34:18 GMT+0300 (Eastern European Summer Time)","error":{"code":"TokenInvalid"},"exception":true,"level":"error","message":"uncaughtException: An invalid token was provided.\nError [TokenInvalid]: An invalid token was provided.\n    at DiscordClient.login (C:\\Users\\nickj.DC1\\Desktop\\CodeGPT\\node_modules\\discord.js\\src\\client\\Client.js:214:52)\n    at Object.<anonymous> (C:\\Users\\nickj.DC1\\Desktop\\CodeGPT\\main.ts:104:8)\n    at Module._compile (node:internal/modules/cjs/loader:1254:14)\n    at Module.m._compile (C:\\Users\\nickj.DC1\\AppData\\Roaming\\npm\\node_modules\\ts-node\\src\\index.ts:1618:23)\n    at Module._extensions..js (node:internal/modules/cjs/loader:1308:10)\n    at Object.require.extensions.<computed> [as .ts] (C:\\Users\\nickj.DC1\\AppData\\Roaming\\npm\\node_modules\\ts-node\\src\\index.ts:1621:12)\n    at Module.load (node:internal/modules/cjs/loader:1117:32)\n    at Function.Module._load (node:internal/modules/cjs/loader:958:12)\n    at Function.executeUserEntryPoint [as runMain] (node:internal/modules/run_main:81:12)\n    at phase4 (C:\\Users\\nickj.DC1\\AppData\\Roaming\\npm\\node_modules\\ts-node\\src\\bin.ts:649:14)","os":{"loadavg":[0,0,0],"uptime":707968.093},"process":{"argv":["C:\\Users\\nickj.DC1\\AppData\\Roaming\\npm\\node_modules\\ts-node\\dist\\bin.js","C:\\Users\\nickj.DC1\\Desktop\\CodeGPT\\main.ts"],"cwd":"C:\\Users\\nickj.DC1\\Desktop\\CodeGPT","execPath":"C:\\Program Files\\nodejs\\node.exe","gid":null,"memoryUsage":{"arrayBuffers":1146579,"external":2658901,"heapTotal":188854272,"heapUsed":155046384,"rss":228597760},"pid":6448,"uid":null,"version":"v18.14.2"},"stack":"Error [TokenInvalid]: An invalid token was provided.\n    at DiscordClient.login (C:\\Users\\nickj.DC1\\Desktop\\CodeGPT\\node_modules\\discord.js\\src\\client\\Client.js:214:52)\n    at Object.<anonymous> (C:\\Users\\nickj.DC1\\Desktop\\CodeGPT\\main.ts:104:8)\n    at Module._compile (node:internal/modules/cjs/loader:1254:14)\n    at Module.m._compile (C:\\Users\\nickj.DC1\\AppData\\Roaming\\npm\\node_modules\\ts-node\\src\\index.ts:1618:23)\n    at Module._extensions..js (node:internal/modules/cjs/loader:1308:10)\n    at Object.require.extensions.<computed> [as .ts] (C:\\Users\\nickj.DC1\\AppData\\Roaming\\npm\\node_modules\\ts-node\\src\\index.ts:1621:12)\n    at Module.load (node:internal/modules/cjs/loader:1117:32)\n    at Function.Module._load (node:internal/modules/cjs/loader:958:12)\n    at Function.executeUserEntryPoint [as runMain] (node:internal/modules/run_main:81:12)\n    at phase4 (C:\\Users\\nickj.DC1\\AppData\\Roaming\\npm\\node_modules\\ts-node\\src\\bin.ts:649:14)","timestamp":"2023-04-28T12:34:18.487Z","trace":[{"column":52,"file":"C:\\Users\\nickj.DC1\\Desktop\\CodeGPT\\node_modules\\discord.js\\src\\client\\Client.js","function":"DiscordClient.login","line":214,"method":"login","native":false},{"column":8,"file":"C:\\Users\\nickj.DC1\\Desktop\\CodeGPT\\main.ts","function":null,"line":104,"method":null,"native":false},{"column":14,"file":"node:internal/modules/cjs/loader","function":"Module._compile","line":1254,"method":"_compile","native":false},{"column":23,"file":"C:\\Users\\nickj.DC1\\AppData\\Roaming\\npm\\node_modules\\ts-node\\src\\index.ts","function":"Module.m._compile","line":1618,"method":"_compile","native":false},{"column":10,"file":"node:internal/modules/cjs/loader","function":"Module._extensions..js","line":1308,"method":".js","native":false},{"column":12,"file":"C:\\Users\\nickj.DC1\\AppData\\Roaming\\npm\\node_modules\\ts-node\\src\\index.ts","function":"Object.require.extensions.<computed> [as .ts]","line":1621,"method":"ts]","native":false},{"column":32,"file":"node:internal/modules/cjs/loader","function":"Module.load","line":1117,"method":"load","native":false},{"column":12,"file":"node:internal/modules/cjs/loader","function":"Module._load","line":958,"method":"_load","native":false},{"column":12,"file":"node:internal/modules/run_main","function":"Function.executeUserEntryPoint [as runMain]","line":81,"method":"executeUserEntryPoint [as runMain]","native":false},{"column":14,"file":"C:\\Users\\nickj.DC1\\AppData\\Roaming\\npm\\node_modules\\ts-node\\src\\bin.ts","function":"phase4","line":649,"method":null,"native":false}]}
2023-04-28T13:18:45.387Z error: uncaughtException: Cannot find module './memoryInterface'
Require stack:
- C:\Users\nickj.DC1\Desktop\CodeGPT\models\memoryModel.ts
- C:\Users\nickj.DC1\Desktop\CodeGPT\main.ts
Error: Cannot find module './memoryInterface'
Require stack:
- C:\Users\nickj.DC1\Desktop\CodeGPT\models\memoryModel.ts
- C:\Users\nickj.DC1\Desktop\CodeGPT\main.ts
    at Function.Module._resolveFilename (node:internal/modules/cjs/loader:1075:15)
    at Function.Module._resolveFilename.sharedData.moduleResolveFilenameHook.installedValue [as _resolveFilename] (C:\Users\nickj.DC1\AppData\Roaming\npm\node_modules\ts-node\node_modules\@cspotcode\source-map-support\source-map-support.js:811:30)
    at Function.Module._load (node:internal/modules/cjs/loader:920:27)
    at Module.require (node:internal/modules/cjs/loader:1141:19)
    at require (node:internal/modules/cjs/helpers:110:18)
    at Object.<anonymous> (C:\Users\nickj.DC1\Desktop\CodeGPT\models\memoryModel.ts:1:25)
    at Module._compile (node:internal/modules/cjs/loader:1254:14)
    at Module.m._compile (C:\Users\nickj.DC1\AppData\Roaming\npm\node_modules\ts-node\src\index.ts:1618:23)
    at Module._extensions..js (node:internal/modules/cjs/loader:1308:10)
    at Object.require.extensions.<computed> [as .ts] (C:\Users\nickj.DC1\AppData\Roaming\npm\node_modules\ts-node\src\index.ts:1621:12)
{"date":"Fri Apr 28 2023 16:18:45 GMT+0300 (Eastern European Summer Time)","error":{"code":"MODULE_NOT_FOUND","requireStack":["C:\\Users\\nickj.DC1\\Desktop\\CodeGPT\\models\\memoryModel.ts","C:\\Users\\nickj.DC1\\Desktop\\CodeGPT\\main.ts"]},"exception":true,"level":"error","message":"uncaughtException: Cannot find module './memoryInterface'\nRequire stack:\n- C:\\Users\\nickj.DC1\\Desktop\\CodeGPT\\models\\memoryModel.ts\n- C:\\Users\\nickj.DC1\\Desktop\\CodeGPT\\main.ts\nError: Cannot find module './memoryInterface'\nRequire stack:\n- C:\\Users\\nickj.DC1\\Desktop\\CodeGPT\\models\\memoryModel.ts\n- C:\\Users\\nickj.DC1\\Desktop\\CodeGPT\\main.ts\n    at Function.Module._resolveFilename (node:internal/modules/cjs/loader:1075:15)\n    at Function.Module._resolveFilename.sharedData.moduleResolveFilenameHook.installedValue [as _resolveFilename] (C:\\Users\\nickj.DC1\\AppData\\Roaming\\npm\\node_modules\\ts-node\\node_modules\\@cspotcode\\source-map-support\\source-map-support.js:811:30)\n    at Function.Module._load (node:internal/modules/cjs/loader:920:27)\n    at Module.require (node:internal/modules/cjs/loader:1141:19)\n    at require (node:internal/modules/cjs/helpers:110:18)\n    at Object.<anonymous> (C:\\Users\\nickj.DC1\\Desktop\\CodeGPT\\models\\memoryModel.ts:1:25)\n    at Module._compile (node:internal/modules/cjs/loader:1254:14)\n    at Module.m._compile (C:\\Users\\nickj.DC1\\AppData\\Roaming\\npm\\node_modules\\ts-node\\src\\index.ts:1618:23)\n    at Module._extensions..js (node:internal/modules/cjs/loader:1308:10)\n    at Object.require.extensions.<computed> [as .ts] (C:\\Users\\nickj.DC1\\AppData\\Roaming\\npm\\node_modules\\ts-node\\src\\index.ts:1621:12)","os":{"loadavg":[0,0,0],"uptime":710634.968},"process":{"argv":["C:\\Users\\nickj.DC1\\AppData\\Roaming\\npm\\node_modules\\ts-node\\dist\\bin.js","C:\\Users\\nickj.DC1\\Desktop\\CodeGPT\\main.ts"],"cwd":"C:\\Users\\nickj.DC1\\Desktop\\CodeGPT","execPath":"C:\\Program Files\\nodejs\\node.exe","gid":null,"memoryUsage":{"arrayBuffers":1144973,"external":2657295,"heapTotal":181514240,"heapUsed":158679152,"rss":220422144},"pid":77928,"uid":null,"version":"v18.14.2"},"stack":"Error: Cannot find module './memoryInterface'\nRequire stack:\n- C:\\Users\\nickj.DC1\\Desktop\\CodeGPT\\models\\memoryModel.ts\n- C:\\Users\\nickj.DC1\\Desktop\\CodeGPT\\main.ts\n    at Function.Module._resolveFilename (node:internal/modules/cjs/loader:1075:15)\n    at Function.Module._resolveFilename.sharedData.moduleResolveFilenameHook.installedValue [as _resolveFilename] (C:\\Users\\nickj.DC1\\AppData\\Roaming\\npm\\node_modules\\ts-node\\node_modules\\@cspotcode\\source-map-support\\source-map-support.js:811:30)\n    at Function.Module._load (node:internal/modules/cjs/loader:920:27)\n    at Module.require (node:internal/modules/cjs/loader:1141:19)\n    at require (node:internal/modules/cjs/helpers:110:18)\n    at Object.<anonymous> (C:\\Users\\nickj.DC1\\Desktop\\CodeGPT\\models\\memoryModel.ts:1:25)\n    at Module._compile (node:internal/modules/cjs/loader:1254:14)\n    at Module.m._compile (C:\\Users\\nickj.DC1\\AppData\\Roaming\\npm\\node_modules\\ts-node\\src\\index.ts:1618:23)\n    at Module._extensions..js (node:internal/modules/cjs/loader:1308:10)\n    at Object.require.extensions.<computed> [as .ts] (C:\\Users\\nickj.DC1\\AppData\\Roaming\\npm\\node_modules\\ts-node\\src\\index.ts:1621:12)","timestamp":"2023-04-28T13:18:45.387Z","trace":[{"column":15,"file":"node:internal/modules/cjs/loader","function":"Module._resolveFilename","line":1075,"method":"_resolveFilename","native":false},{"column":30,"file":"C:\\Users\\nickj.DC1\\AppData\\Roaming\\npm\\node_modules\\ts-node\\node_modules\\@cspotcode\\source-map-support\\source-map-support.js","function":"Module._resolveFilename.sharedData.moduleResolveFilenameHook.installedValue [as _resolveFilename]","line":811,"method":"installedValue [as _resolveFilename]","native":false},{"column":27,"file":"node:internal/modules/cjs/loader","function":"Module._load","line":920,"method":"_load","native":false},{"column":19,"file":"node:internal/modules/cjs/loader","function":"Module.require","line":1141,"method":"require","native":false},{"column":18,"file":"node:internal/modules/cjs/helpers","function":"require","line":110,"method":null,"native":false},{"column":25,"file":"C:\\Users\\nickj.DC1\\Desktop\\CodeGPT\\models\\memoryModel.ts","function":null,"line":1,"method":null,"native":false},{"column":14,"file":"node:internal/modules/cjs/loader","function":"Module._compile","line":1254,"method":"_compile","native":false},{"column":23,"file":"C:\\Users\\nickj.DC1\\AppData\\Roaming\\npm\\node_modules\\ts-node\\src\\index.ts","function":"Module.m._compile","line":1618,"method":"_compile","native":false},{"column":10,"file":"node:internal/modules/cjs/loader","function":"Module._extensions..js","line":1308,"method":".js","native":false},{"column":12,"file":"C:\\Users\\nickj.DC1\\AppData\\Roaming\\npm\\node_modules\\ts-node\\src\\index.ts","function":"Object.require.extensions.<computed> [as .ts]","line":1621,"method":"ts]","native":false}]}
2023-04-28T13:19:10.273Z error: uncaughtException: Memory is not a constructor
TypeError: Memory is not a constructor
    at Object.<anonymous> (C:\Users\nickj.DC1\Desktop\CodeGPT\main.ts:20:16)
    at Module._compile (node:internal/modules/cjs/loader:1254:14)
    at Module.m._compile (C:\Users\nickj.DC1\AppData\Roaming\npm\node_modules\ts-node\src\index.ts:1618:23)
    at Module._extensions..js (node:internal/modules/cjs/loader:1308:10)
    at Object.require.extensions.<computed> [as .ts] (C:\Users\nickj.DC1\AppData\Roaming\npm\node_modules\ts-node\src\index.ts:1621:12)
    at Module.load (node:internal/modules/cjs/loader:1117:32)
    at Function.Module._load (node:internal/modules/cjs/loader:958:12)
    at Function.executeUserEntryPoint [as runMain] (node:internal/modules/run_main:81:12)
    at phase4 (C:\Users\nickj.DC1\AppData\Roaming\npm\node_modules\ts-node\src\bin.ts:649:14)
    at bootstrap (C:\Users\nickj.DC1\AppData\Roaming\npm\node_modules\ts-node\src\bin.ts:95:10)
{"date":"Fri Apr 28 2023 16:19:10 GMT+0300 (Eastern European Summer Time)","error":{},"exception":true,"level":"error","message":"uncaughtException: Memory is not a constructor\nTypeError: Memory is not a constructor\n    at Object.<anonymous> (C:\\Users\\nickj.DC1\\Desktop\\CodeGPT\\main.ts:20:16)\n    at Module._compile (node:internal/modules/cjs/loader:1254:14)\n    at Module.m._compile (C:\\Users\\nickj.DC1\\AppData\\Roaming\\npm\\node_modules\\ts-node\\src\\index.ts:1618:23)\n    at Module._extensions..js (node:internal/modules/cjs/loader:1308:10)\n    at Object.require.extensions.<computed> [as .ts] (C:\\Users\\nickj.DC1\\AppData\\Roaming\\npm\\node_modules\\ts-node\\src\\index.ts:1621:12)\n    at Module.load (node:internal/modules/cjs/loader:1117:32)\n    at Function.Module._load (node:internal/modules/cjs/loader:958:12)\n    at Function.executeUserEntryPoint [as runMain] (node:internal/modules/run_main:81:12)\n    at phase4 (C:\\Users\\nickj.DC1\\AppData\\Roaming\\npm\\node_modules\\ts-node\\src\\bin.ts:649:14)\n    at bootstrap (C:\\Users\\nickj.DC1\\AppData\\Roaming\\npm\\node_modules\\ts-node\\src\\bin.ts:95:10)","os":{"loadavg":[0,0,0],"uptime":710659.859},"process":{"argv":["C:\\Users\\nickj.DC1\\AppData\\Roaming\\npm\\node_modules\\ts-node\\dist\\bin.js","C:\\Users\\nickj.DC1\\Desktop\\CodeGPT\\main.ts"],"cwd":"C:\\Users\\nickj.DC1\\Desktop\\CodeGPT","execPath":"C:\\Program Files\\nodejs\\node.exe","gid":null,"memoryUsage":{"arrayBuffers":1274320,"external":2785062,"heapTotal":176795648,"heapUsed":153000208,"rss":222023680},"pid":84144,"uid":null,"version":"v18.14.2"},"stack":"TypeError: Memory is not a constructor\n    at Object.<anonymous> (C:\\Users\\nickj.DC1\\Desktop\\CodeGPT\\main.ts:20:16)\n    at Module._compile (node:internal/modules/cjs/loader:1254:14)\n    at Module.m._compile (C:\\Users\\nickj.DC1\\AppData\\Roaming\\npm\\node_modules\\ts-node\\src\\index.ts:1618:23)\n    at Module._extensions..js (node:internal/modules/cjs/loader:1308:10)\n    at Object.require.extensions.<computed> [as .ts] (C:\\Users\\nickj.DC1\\AppData\\Roaming\\npm\\node_modules\\ts-node\\src\\index.ts:1621:12)\n    at Module.load (node:internal/modules/cjs/loader:1117:32)\n    at Function.Module._load (node:internal/modules/cjs/loader:958:12)\n    at Function.executeUserEntryPoint [as runMain] (node:internal/modules/run_main:81:12)\n    at phase4 (C:\\Users\\nickj.DC1\\AppData\\Roaming\\npm\\node_modules\\ts-node\\src\\bin.ts:649:14)\n    at bootstrap (C:\\Users\\nickj.DC1\\AppData\\Roaming\\npm\\node_modules\\ts-node\\src\\bin.ts:95:10)","timestamp":"2023-04-28T13:19:10.273Z","trace":[{"column":16,"file":"C:\\Users\\nickj.DC1\\Desktop\\CodeGPT\\main.ts","function":null,"line":20,"method":null,"native":false},{"column":14,"file":"node:internal/modules/cjs/loader","function":"Module._compile","line":1254,"method":"_compile","native":false},{"column":23,"file":"C:\\Users\\nickj.DC1\\AppData\\Roaming\\npm\\node_modules\\ts-node\\src\\index.ts","function":"Module.m._compile","line":1618,"method":"_compile","native":false},{"column":10,"file":"node:internal/modules/cjs/loader","function":"Module._extensions..js","line":1308,"method":".js","native":false},{"column":12,"file":"C:\\Users\\nickj.DC1\\AppData\\Roaming\\npm\\node_modules\\ts-node\\src\\index.ts","function":"Object.require.extensions.<computed> [as .ts]","line":1621,"method":"ts]","native":false},{"column":32,"file":"node:internal/modules/cjs/loader","function":"Module.load","line":1117,"method":"load","native":false},{"column":12,"file":"node:internal/modules/cjs/loader","function":"Module._load","line":958,"method":"_load","native":false},{"column":12,"file":"node:internal/modules/run_main","function":"Function.executeUserEntryPoint [as runMain]","line":81,"method":"executeUserEntryPoint [as runMain]","native":false},{"column":14,"file":"C:\\Users\\nickj.DC1\\AppData\\Roaming\\npm\\node_modules\\ts-node\\src\\bin.ts","function":"phase4","line":649,"method":null,"native":false},{"column":10,"file":"C:\\Users\\nickj.DC1\\AppData\\Roaming\\npm\\node_modules\\ts-node\\src\\bin.ts","function":"bootstrap","line":95,"method":null,"native":false}]}
2023-04-28T13:19:50.984Z error: uncaughtException: Memory is not a constructor
TypeError: Memory is not a constructor
    at Object.<anonymous> (C:\Users\nickj.DC1\Desktop\CodeGPT\main.ts:20:16)
    at Module._compile (node:internal/modules/cjs/loader:1254:14)
    at Module.m._compile (C:\Users\nickj.DC1\AppData\Roaming\npm\node_modules\ts-node\src\index.ts:1618:23)
    at Module._extensions..js (node:internal/modules/cjs/loader:1308:10)
    at Object.require.extensions.<computed> [as .ts] (C:\Users\nickj.DC1\AppData\Roaming\npm\node_modules\ts-node\src\index.ts:1621:12)
    at Module.load (node:internal/modules/cjs/loader:1117:32)
    at Function.Module._load (node:internal/modules/cjs/loader:958:12)
    at Function.executeUserEntryPoint [as runMain] (node:internal/modules/run_main:81:12)
    at phase4 (C:\Users\nickj.DC1\AppData\Roaming\npm\node_modules\ts-node\src\bin.ts:649:14)
    at bootstrap (C:\Users\nickj.DC1\AppData\Roaming\npm\node_modules\ts-node\src\bin.ts:95:10)
{"date":"Fri Apr 28 2023 16:19:50 GMT+0300 (Eastern European Summer Time)","error":{},"exception":true,"level":"error","message":"uncaughtException: Memory is not a constructor\nTypeError: Memory is not a constructor\n    at Object.<anonymous> (C:\\Users\\nickj.DC1\\Desktop\\CodeGPT\\main.ts:20:16)\n    at Module._compile (node:internal/modules/cjs/loader:1254:14)\n    at Module.m._compile (C:\\Users\\nickj.DC1\\AppData\\Roaming\\npm\\node_modules\\ts-node\\src\\index.ts:1618:23)\n    at Module._extensions..js (node:internal/modules/cjs/loader:1308:10)\n    at Object.require.extensions.<computed> [as .ts] (C:\\Users\\nickj.DC1\\AppData\\Roaming\\npm\\node_modules\\ts-node\\src\\index.ts:1621:12)\n    at Module.load (node:internal/modules/cjs/loader:1117:32)\n    at Function.Module._load (node:internal/modules/cjs/loader:958:12)\n    at Function.executeUserEntryPoint [as runMain] (node:internal/modules/run_main:81:12)\n    at phase4 (C:\\Users\\nickj.DC1\\AppData\\Roaming\\npm\\node_modules\\ts-node\\src\\bin.ts:649:14)\n    at bootstrap (C:\\Users\\nickj.DC1\\AppData\\Roaming\\npm\\node_modules\\ts-node\\src\\bin.ts:95:10)","os":{"loadavg":[0,0,0],"uptime":710700.578},"process":{"argv":["C:\\Users\\nickj.DC1\\AppData\\Roaming\\npm\\node_modules\\ts-node\\dist\\bin.js","C:\\Users\\nickj.DC1\\Desktop\\CodeGPT\\main.ts"],"cwd":"C:\\Users\\nickj.DC1\\Desktop\\CodeGPT","execPath":"C:\\Program Files\\nodejs\\node.exe","gid":null,"memoryUsage":{"arrayBuffers":1427290,"external":2939525,"heapTotal":182300672,"heapUsed":153801040,"rss":225783808},"pid":105132,"uid":null,"version":"v18.14.2"},"stack":"TypeError: Memory is not a constructor\n    at Object.<anonymous> (C:\\Users\\nickj.DC1\\Desktop\\CodeGPT\\main.ts:20:16)\n    at Module._compile (node:internal/modules/cjs/loader:1254:14)\n    at Module.m._compile (C:\\Users\\nickj.DC1\\AppData\\Roaming\\npm\\node_modules\\ts-node\\src\\index.ts:1618:23)\n    at Module._extensions..js (node:internal/modules/cjs/loader:1308:10)\n    at Object.require.extensions.<computed> [as .ts] (C:\\Users\\nickj.DC1\\AppData\\Roaming\\npm\\node_modules\\ts-node\\src\\index.ts:1621:12)\n    at Module.load (node:internal/modules/cjs/loader:1117:32)\n    at Function.Module._load (node:internal/modules/cjs/loader:958:12)\n    at Function.executeUserEntryPoint [as runMain] (node:internal/modules/run_main:81:12)\n    at phase4 (C:\\Users\\nickj.DC1\\AppData\\Roaming\\npm\\node_modules\\ts-node\\src\\bin.ts:649:14)\n    at bootstrap (C:\\Users\\nickj.DC1\\AppData\\Roaming\\npm\\node_modules\\ts-node\\src\\bin.ts:95:10)","timestamp":"2023-04-28T13:19:50.984Z","trace":[{"column":16,"file":"C:\\Users\\nickj.DC1\\Desktop\\CodeGPT\\main.ts","function":null,"line":20,"method":null,"native":false},{"column":14,"file":"node:internal/modules/cjs/loader","function":"Module._compile","line":1254,"method":"_compile","native":false},{"column":23,"file":"C:\\Users\\nickj.DC1\\AppData\\Roaming\\npm\\node_modules\\ts-node\\src\\index.ts","function":"Module.m._compile","line":1618,"method":"_compile","native":false},{"column":10,"file":"node:internal/modules/cjs/loader","function":"Module._extensions..js","line":1308,"method":".js","native":false},{"column":12,"file":"C:\\Users\\nickj.DC1\\AppData\\Roaming\\npm\\node_modules\\ts-node\\src\\index.ts","function":"Object.require.extensions.<computed> [as .ts]","line":1621,"method":"ts]","native":false},{"column":32,"file":"node:internal/modules/cjs/loader","function":"Module.load","line":1117,"method":"load","native":false},{"column":12,"file":"node:internal/modules/cjs/loader","function":"Module._load","line":958,"method":"_load","native":false},{"column":12,"file":"node:internal/modules/run_main","function":"Function.executeUserEntryPoint [as runMain]","line":81,"method":"executeUserEntryPoint [as runMain]","native":false},{"column":14,"file":"C:\\Users\\nickj.DC1\\AppData\\Roaming\\npm\\node_modules\\ts-node\\src\\bin.ts","function":"phase4","line":649,"method":null,"native":false},{"column":10,"file":"C:\\Users\\nickj.DC1\\AppData\\Roaming\\npm\\node_modules\\ts-node\\src\\bin.ts","function":"bootstrap","line":95,"method":null,"native":false}]}
2023-04-28T13:20:33.889Z error: uncaughtException: тип Unable to compile TypeScript:
[96mmodels/interfaces/memoryInterface.ts[0m:[93m1[0m:[93m7[0m - [91merror[0m[90m TS2451: [0mCannot redeclare block-scoped variable 'MemoryInterface'.

[7m1[0m class MemoryInterface {
[7m [0m [91m      ~~~~~~~~~~~~~~~[0m

  [96mmodels/memoryModel.ts[0m:[93m1[0m:[93m7[0m
    [7m1[0m const MemoryInterface = require('./interfaces/memoryInterface');
    [7m [0m [96m      ~~~~~~~~~~~~~~~[0m
    'MemoryInterface' was also declared here.

TSError: тип Unable to compile TypeScript:
[96mmodels/interfaces/memoryInterface.ts[0m:[93m1[0m:[93m7[0m - [91merror[0m[90m TS2451: [0mCannot redeclare block-scoped variable 'MemoryInterface'.

[7m1[0m class MemoryInterface {
[7m [0m [91m      ~~~~~~~~~~~~~~~[0m

  [96mmodels/memoryModel.ts[0m:[93m1[0m:[93m7[0m
    [7m1[0m const MemoryInterface = require('./interfaces/memoryInterface');
    [7m [0m [96m      ~~~~~~~~~~~~~~~[0m
    'MemoryInterface' was also declared here.

    at createTSError (C:\Users\nickj.DC1\AppData\Roaming\npm\node_modules\ts-node\src\index.ts:859:12)
    at reportTSError (C:\Users\nickj.DC1\AppData\Roaming\npm\node_modules\ts-node\src\index.ts:863:19)
    at getOutput (C:\Users\nickj.DC1\AppData\Roaming\npm\node_modules\ts-node\src\index.ts:1077:36)
    at Object.compile (C:\Users\nickj.DC1\AppData\Roaming\npm\node_modules\ts-node\src\index.ts:1433:41)
    at Module.m._compile (C:\Users\nickj.DC1\AppData\Roaming\npm\node_modules\ts-node\src\index.ts:1617:30)
    at Module._extensions..js (node:internal/modules/cjs/loader:1308:10)
    at Object.require.extensions.<computed> [as .ts] (C:\Users\nickj.DC1\AppData\Roaming\npm\node_modules\ts-node\src\index.ts:1621:12)
    at Module.load (node:internal/modules/cjs/loader:1117:32)
    at Function.Module._load (node:internal/modules/cjs/loader:958:12)
    at Module.require (node:internal/modules/cjs/loader:1141:19)
{"date":"Fri Apr 28 2023 16:20:33 GMT+0300 (Eastern European Summer Time)","error":{"diagnosticCodes":[2451]},"exception":true,"level":"error","message":"uncaughtException: тип Unable to compile TypeScript:\n\u001b[96mmodels/interfaces/memoryInterface.ts\u001b[0m:\u001b[93m1\u001b[0m:\u001b[93m7\u001b[0m - \u001b[91merror\u001b[0m\u001b[90m TS2451: \u001b[0mCannot redeclare block-scoped variable 'MemoryInterface'.\r\n\r\n\u001b[7m1\u001b[0m class MemoryInterface {\r\n\u001b[7m \u001b[0m \u001b[91m      ~~~~~~~~~~~~~~~\u001b[0m\r\n\r\n  \u001b[96mmodels/memoryModel.ts\u001b[0m:\u001b[93m1\u001b[0m:\u001b[93m7\u001b[0m\r\n    \u001b[7m1\u001b[0m const MemoryInterface = require('./interfaces/memoryInterface');\r\n    \u001b[7m \u001b[0m \u001b[96m      ~~~~~~~~~~~~~~~\u001b[0m\r\n    'MemoryInterface' was also declared here.\r\n\nTSError: тип Unable to compile TypeScript:\n\u001b[96mmodels/interfaces/memoryInterface.ts\u001b[0m:\u001b[93m1\u001b[0m:\u001b[93m7\u001b[0m - \u001b[91merror\u001b[0m\u001b[90m TS2451: \u001b[0mCannot redeclare block-scoped variable 'MemoryInterface'.\r\n\r\n\u001b[7m1\u001b[0m class MemoryInterface {\r\n\u001b[7m \u001b[0m \u001b[91m      ~~~~~~~~~~~~~~~\u001b[0m\r\n\r\n  \u001b[96mmodels/memoryModel.ts\u001b[0m:\u001b[93m1\u001b[0m:\u001b[93m7\u001b[0m\r\n    \u001b[7m1\u001b[0m const MemoryInterface = require('./interfaces/memoryInterface');\r\n    \u001b[7m \u001b[0m \u001b[96m      ~~~~~~~~~~~~~~~\u001b[0m\r\n    'MemoryInterface' was also declared here.\r\n\n    at createTSError (C:\\Users\\nickj.DC1\\AppData\\Roaming\\npm\\node_modules\\ts-node\\src\\index.ts:859:12)\n    at reportTSError (C:\\Users\\nickj.DC1\\AppData\\Roaming\\npm\\node_modules\\ts-node\\src\\index.ts:863:19)\n    at getOutput (C:\\Users\\nickj.DC1\\AppData\\Roaming\\npm\\node_modules\\ts-node\\src\\index.ts:1077:36)\n    at Object.compile (C:\\Users\\nickj.DC1\\AppData\\Roaming\\npm\\node_modules\\ts-node\\src\\index.ts:1433:41)\n    at Module.m._compile (C:\\Users\\nickj.DC1\\AppData\\Roaming\\npm\\node_modules\\ts-node\\src\\index.ts:1617:30)\n    at Module._extensions..js (node:internal/modules/cjs/loader:1308:10)\n    at Object.require.extensions.<computed> [as .ts] (C:\\Users\\nickj.DC1\\AppData\\Roaming\\npm\\node_modules\\ts-node\\src\\index.ts:1621:12)\n    at Module.load (node:internal/modules/cjs/loader:1117:32)\n    at Function.Module._load (node:internal/modules/cjs/loader:958:12)\n    at Module.require (node:internal/modules/cjs/loader:1141:19)","os":{"loadavg":[0,0,0],"uptime":710743.484},"process":{"argv":["C:\\Users\\nickj.DC1\\AppData\\Roaming\\npm\\node_modules\\ts-node\\dist\\bin.js","C:\\Users\\nickj.DC1\\Desktop\\CodeGPT\\main.ts"],"cwd":"C:\\Users\\nickj.DC1\\Desktop\\CodeGPT","execPath":"C:\\Program Files\\nodejs\\node.exe","gid":null,"memoryUsage":{"arrayBuffers":1103966,"external":2616288,"heapTotal":182824960,"heapUsed":150146288,"rss":222015488},"pid":57784,"uid":null,"version":"v18.14.2"},"stack":"TSError: тип Unable to compile TypeScript:\n\u001b[96mmodels/interfaces/memoryInterface.ts\u001b[0m:\u001b[93m1\u001b[0m:\u001b[93m7\u001b[0m - \u001b[91merror\u001b[0m\u001b[90m TS2451: \u001b[0mCannot redeclare block-scoped variable 'MemoryInterface'.\r\n\r\n\u001b[7m1\u001b[0m class MemoryInterface {\r\n\u001b[7m \u001b[0m \u001b[91m      ~~~~~~~~~~~~~~~\u001b[0m\r\n\r\n  \u001b[96mmodels/memoryModel.ts\u001b[0m:\u001b[93m1\u001b[0m:\u001b[93m7\u001b[0m\r\n    \u001b[7m1\u001b[0m const MemoryInterface = require('./interfaces/memoryInterface');\r\n    \u001b[7m \u001b[0m \u001b[96m      ~~~~~~~~~~~~~~~\u001b[0m\r\n    'MemoryInterface' was also declared here.\r\n\n    at createTSError (C:\\Users\\nickj.DC1\\AppData\\Roaming\\npm\\node_modules\\ts-node\\src\\index.ts:859:12)\n    at reportTSError (C:\\Users\\nickj.DC1\\AppData\\Roaming\\npm\\node_modules\\ts-node\\src\\index.ts:863:19)\n    at getOutput (C:\\Users\\nickj.DC1\\AppData\\Roaming\\npm\\node_modules\\ts-node\\src\\index.ts:1077:36)\n    at Object.compile (C:\\Users\\nickj.DC1\\AppData\\Roaming\\npm\\node_modules\\ts-node\\src\\index.ts:1433:41)\n    at Module.m._compile (C:\\Users\\nickj.DC1\\AppData\\Roaming\\npm\\node_modules\\ts-node\\src\\index.ts:1617:30)\n    at Module._extensions..js (node:internal/modules/cjs/loader:1308:10)\n    at Object.require.extensions.<computed> [as .ts] (C:\\Users\\nickj.DC1\\AppData\\Roaming\\npm\\node_modules\\ts-node\\src\\index.ts:1621:12)\n    at Module.load (node:internal/modules/cjs/loader:1117:32)\n    at Function.Module._load (node:internal/modules/cjs/loader:958:12)\n    at Module.require (node:internal/modules/cjs/loader:1141:19)","timestamp":"2023-04-28T13:20:33.889Z","trace":[{"column":12,"file":"C:\\Users\\nickj.DC1\\AppData\\Roaming\\npm\\node_modules\\ts-node\\src\\index.ts","function":"createTSError","line":859,"method":null,"native":false},{"column":19,"file":"C:\\Users\\nickj.DC1\\AppData\\Roaming\\npm\\node_modules\\ts-node\\src\\index.ts","function":"reportTSError","line":863,"method":null,"native":false},{"column":36,"file":"C:\\Users\\nickj.DC1\\AppData\\Roaming\\npm\\node_modules\\ts-node\\src\\index.ts","function":"getOutput","line":1077,"method":null,"native":false},{"column":41,"file":"C:\\Users\\nickj.DC1\\AppData\\Roaming\\npm\\node_modules\\ts-node\\src\\index.ts","function":"Object.compile","line":1433,"method":"compile","native":false},{"column":30,"file":"C:\\Users\\nickj.DC1\\AppData\\Roaming\\npm\\node_modules\\ts-node\\src\\index.ts","function":"Module.m._compile","line":1617,"method":"_compile","native":false},{"column":10,"file":"node:internal/modules/cjs/loader","function":"Module._extensions..js","line":1308,"method":".js","native":false},{"column":12,"file":"C:\\Users\\nickj.DC1\\AppData\\Roaming\\npm\\node_modules\\ts-node\\src\\index.ts","function":"Object.require.extensions.<computed> [as .ts]","line":1621,"method":"ts]","native":false},{"column":32,"file":"node:internal/modules/cjs/loader","function":"Module.load","line":1117,"method":"load","native":false},{"column":12,"file":"node:internal/modules/cjs/loader","function":"Module._load","line":958,"method":"_load","native":false},{"column":19,"file":"node:internal/modules/cjs/loader","function":"Module.require","line":1141,"method":"require","native":false}]}
2023-04-28T13:52:30.831Z error: uncaughtException: getLogger is not a function
TypeError: getLogger is not a function
    at Object.<anonymous> (C:\Users\nickj.DC1\Desktop\CodeGPT\commands\modify\modify.ts:6:16)
    at Module._compile (node:internal/modules/cjs/loader:1254:14)
    at Module.m._compile (C:\Users\nickj.DC1\AppData\Roaming\npm\node_modules\ts-node\src\index.ts:1618:23)
    at Module._extensions..js (node:internal/modules/cjs/loader:1308:10)
    at Object.require.extensions.<computed> [as .ts] (C:\Users\nickj.DC1\AppData\Roaming\npm\node_modules\ts-node\src\index.ts:1621:12)
    at Module.load (node:internal/modules/cjs/loader:1117:32)
    at Function.Module._load (node:internal/modules/cjs/loader:958:12)
    at Module.require (node:internal/modules/cjs/loader:1141:19)
    at require (node:internal/modules/cjs/helpers:110:18)
    at Object.<anonymous> (C:\Users\nickj.DC1\Desktop\CodeGPT\main.ts:34:21)
{"date":"Fri Apr 28 2023 16:52:30 GMT+0300 (Eastern European Summer Time)","error":{},"exception":true,"level":"error","message":"uncaughtException: getLogger is not a function\nTypeError: getLogger is not a function\n    at Object.<anonymous> (C:\\Users\\nickj.DC1\\Desktop\\CodeGPT\\commands\\modify\\modify.ts:6:16)\n    at Module._compile (node:internal/modules/cjs/loader:1254:14)\n    at Module.m._compile (C:\\Users\\nickj.DC1\\AppData\\Roaming\\npm\\node_modules\\ts-node\\src\\index.ts:1618:23)\n    at Module._extensions..js (node:internal/modules/cjs/loader:1308:10)\n    at Object.require.extensions.<computed> [as .ts] (C:\\Users\\nickj.DC1\\AppData\\Roaming\\npm\\node_modules\\ts-node\\src\\index.ts:1621:12)\n    at Module.load (node:internal/modules/cjs/loader:1117:32)\n    at Function.Module._load (node:internal/modules/cjs/loader:958:12)\n    at Module.require (node:internal/modules/cjs/loader:1141:19)\n    at require (node:internal/modules/cjs/helpers:110:18)\n    at Object.<anonymous> (C:\\Users\\nickj.DC1\\Desktop\\CodeGPT\\main.ts:34:21)","os":{"loadavg":[0,0,0],"uptime":712660.421},"process":{"argv":["C:\\Users\\nickj.DC1\\AppData\\Roaming\\npm\\node_modules\\ts-node\\dist\\bin.js","C:\\Users\\nickj.DC1\\Desktop\\CodeGPT\\main.ts"],"cwd":"C:\\Users\\nickj.DC1\\Desktop\\CodeGPT","execPath":"C:\\Program Files\\nodejs\\node.exe","gid":null,"memoryUsage":{"arrayBuffers":1127409,"external":2639731,"heapTotal":189116416,"heapUsed":160129200,"rss":227225600},"pid":37936,"uid":null,"version":"v18.14.2"},"stack":"TypeError: getLogger is not a function\n    at Object.<anonymous> (C:\\Users\\nickj.DC1\\Desktop\\CodeGPT\\commands\\modify\\modify.ts:6:16)\n    at Module._compile (node:internal/modules/cjs/loader:1254:14)\n    at Module.m._compile (C:\\Users\\nickj.DC1\\AppData\\Roaming\\npm\\node_modules\\ts-node\\src\\index.ts:1618:23)\n    at Module._extensions..js (node:internal/modules/cjs/loader:1308:10)\n    at Object.require.extensions.<computed> [as .ts] (C:\\Users\\nickj.DC1\\AppData\\Roaming\\npm\\node_modules\\ts-node\\src\\index.ts:1621:12)\n    at Module.load (node:internal/modules/cjs/loader:1117:32)\n    at Function.Module._load (node:internal/modules/cjs/loader:958:12)\n    at Module.require (node:internal/modules/cjs/loader:1141:19)\n    at require (node:internal/modules/cjs/helpers:110:18)\n    at Object.<anonymous> (C:\\Users\\nickj.DC1\\Desktop\\CodeGPT\\main.ts:34:21)","timestamp":"2023-04-28T13:52:30.831Z","trace":[{"column":16,"file":"C:\\Users\\nickj.DC1\\Desktop\\CodeGPT\\commands\\modify\\modify.ts","function":null,"line":6,"method":null,"native":false},{"column":14,"file":"node:internal/modules/cjs/loader","function":"Module._compile","line":1254,"method":"_compile","native":false},{"column":23,"file":"C:\\Users\\nickj.DC1\\AppData\\Roaming\\npm\\node_modules\\ts-node\\src\\index.ts","function":"Module.m._compile","line":1618,"method":"_compile","native":false},{"column":10,"file":"node:internal/modules/cjs/loader","function":"Module._extensions..js","line":1308,"method":".js","native":false},{"column":12,"file":"C:\\Users\\nickj.DC1\\AppData\\Roaming\\npm\\node_modules\\ts-node\\src\\index.ts","function":"Object.require.extensions.<computed> [as .ts]","line":1621,"method":"ts]","native":false},{"column":32,"file":"node:internal/modules/cjs/loader","function":"Module.load","line":1117,"method":"load","native":false},{"column":12,"file":"node:internal/modules/cjs/loader","function":"Module._load","line":958,"method":"_load","native":false},{"column":19,"file":"node:internal/modules/cjs/loader","function":"Module.require","line":1141,"method":"require","native":false},{"column":18,"file":"node:internal/modules/cjs/helpers","function":"require","line":110,"method":null,"native":false},{"column":21,"file":"C:\\Users\\nickj.DC1\\Desktop\\CodeGPT\\main.ts","function":null,"line":34,"method":null,"native":false}]}
